SF:lib/data/models/referential/pet_species_model.dart
DA:11,3
DA:18,2
DA:19,2
DA:20,2
DA:21,2
DA:22,4
DA:23,2
DA:27,2
DA:28,1
DA:29,1
DA:30,2
DA:31,1
DA:35,1
DA:37,1
DA:39,1
LF:15
LH:15
end_of_record
SF:lib/data/repositories/referential_repository.dart
DA:10,1
DA:13,1
DA:15,3
DA:17,3
DA:18,1
DA:20,2
DA:25,1
DA:27,1
DA:28,1
DA:29,1
DA:30,1
DA:31,1
DA:34,3
DA:35,1
DA:37,2
DA:42,1
DA:44,4
DA:46,3
DA:47,1
DA:49,2
DA:54,1
DA:58,1
DA:59,1
DA:60,1
DA:61,1
DA:62,1
DA:65,3
DA:66,1
DA:68,2
LF:29
LH:29
end_of_record
SF:lib/features/event/data/event_repository.dart
DA:17,1
DA:19,1
DA:21,4
DA:22,2
DA:23,1
DA:24,1
DA:25,1
DA:28,1
DA:29,6
DA:33,1
DA:34,3
DA:35,1
DA:38,1
DA:41,4
DA:42,1
DA:43,4
DA:44,1
DA:45,2
DA:49,1
DA:55,3
DA:56,4
DA:57,4
DA:58,1
DA:59,2
DA:65,1
DA:67,1
DA:68,1
DA:69,2
DA:70,2
DA:72,1
DA:78,3
DA:79,4
DA:83,1
DA:85,4
DA:87,1
DA:93,3
DA:94,3
DA:95,5
DA:96,5
DA:100,1
DA:101,2
DA:102,1
DA:103,1
DA:104,2
DA:105,1
DA:106,2
DA:107,6
DA:113,0
DA:114,0
DA:120,1
DA:121,2
DA:122,1
DA:123,1
DA:124,2
DA:125,1
DA:126,2
DA:127,6
DA:133,1
DA:134,2
DA:135,1
DA:136,1
DA:137,1
DA:138,6
DA:141,1
DA:143,4
DA:145,1
DA:151,3
DA:152,2
DA:153,2
DA:158,1
DA:159,1
DA:160,2
DA:161,2
DA:163,4
DA:164,2
DA:167,4
DA:169,1
DA:178,1
DA:180,1
DA:181,1
DA:182,1
DA:183,1
DA:185,1
DA:191,3
DA:192,3
DA:196,1
DA:197,4
LF:87
LH:85
end_of_record
SF:lib/features/event/data/models/event_model.dart
DA:9,8
DA:18,1
DA:19,1
DA:20,1
DA:21,1
DA:22,1
DA:23,1
DA:24,2
DA:26,1
DA:27,2
DA:29,1
DA:33,4
DA:34,2
DA:35,2
DA:36,2
DA:37,6
DA:38,6
DA:39,2
LF:18
LH:18
end_of_record
SF:lib/features/event/data/models/event_type_model.dart
DA:7,3
DA:14,2
DA:15,2
DA:16,2
DA:17,2
DA:18,2
DA:19,2
DA:23,2
DA:24,1
DA:25,1
DA:26,1
DA:27,1
LF:12
LH:12
end_of_record
SF:lib/features/journal/presentation/cubit/journal_cubit.dart
DA:24,3
DA:31,3
DA:32,3
DA:33,12
DA:34,3
DA:35,12
DA:36,3
DA:37,12
DA:38,3
DA:41,3
DA:42,9
DA:45,3
DA:46,9
DA:49,3
DA:50,9
DA:53,3
DA:54,6
DA:55,9
DA:58,6
DA:59,6
DA:60,9
DA:62,3
DA:63,12
DA:67,3
DA:74,2
DA:75,6
DA:76,4
DA:77,6
DA:80,2
DA:81,6
DA:82,4
DA:83,6
DA:86,1
DA:87,3
DA:99,1
DA:100,2
DA:101,2
DA:104,2
DA:105,2
DA:107,2
DA:112,2
DA:114,4
DA:116,2
DA:117,2
DA:123,3
DA:125,6
DA:126,6
DA:127,6
DA:128,3
LF:49
LH:49
end_of_record
SF:lib/features/journal/presentation/cubit/journal_state.dart
DA:17,3
DA:30,1
DA:31,4
DA:33,6
DA:35,1
DA:36,3
DA:37,2
DA:38,3
DA:41,2
DA:42,3
DA:43,3
DA:46,1
DA:49,3
DA:61,3
DA:62,3
DA:63,3
DA:64,3
DA:65,3
DA:66,3
DA:67,3
DA:68,3
DA:69,3
DA:70,3
DA:71,3
DA:75,3
DA:76,3
DA:77,3
DA:78,3
DA:79,3
DA:80,3
DA:81,3
DA:82,3
DA:83,3
DA:84,3
DA:85,3
DA:86,3
LF:36
LH:36
end_of_record
SF:lib/features/pet/data/models/pet_model.dart
DA:12,14
DA:22,1
DA:23,1
DA:24,1
DA:25,1
DA:26,2
DA:27,2
DA:28,2
DA:29,1
DA:30,1
DA:34,2
DA:35,2
DA:36,2
DA:37,2
DA:38,8
DA:39,4
DA:40,4
DA:41,2
DA:42,2
DA:47,1
DA:49,1
DA:51,1
DA:59,2
DA:61,2
DA:63,1
DA:65,1
LF:26
LH:26
end_of_record
SF:lib/features/pet/data/pet_repository.dart
DA:13,1
DA:21,1
DA:22,2
DA:23,1
DA:24,1
DA:25,1
DA:26,6
DA:29,1
DA:30,5
DA:31,4
DA:34,1
DA:35,3
DA:36,1
DA:39,1
DA:40,4
DA:47,2
DA:48,2
DA:49,2
DA:51,1
DA:55,3
DA:56,4
DA:60,1
DA:65,3
DA:66,1
DA:67,2
DA:72,1
DA:73,1
DA:75,1
DA:78,2
DA:79,1
DA:84,3
DA:89,1
DA:91,6
DA:93,1
DA:99,3
DA:100,4
DA:104,1
DA:106,4
DA:108,1
DA:114,3
DA:115,3
LF:41
LH:41
end_of_record
SF:lib/core/utils/weight_formatter.dart
DA:5,1
DA:6,3
DA:9,1
DA:10,3
DA:11,1
DA:15,2
DA:17,2
LF:7
LH:7
end_of_record
SF:lib/data/models/referential/pet_race_model.dart
DA:6,2
DA:12,2
DA:13,2
DA:14,2
DA:15,2
DA:16,2
DA:20,2
DA:21,1
DA:22,1
DA:23,1
LF:10
LH:10
end_of_record
SF:lib/features/health/data/models/recommended_vaccines_model.dart
DA:6,2
DA:12,2
DA:13,2
DA:14,2
DA:15,2
DA:16,4
LF:6
LH:6
end_of_record
SF:lib/core/errors/repository_exception.dart
DA:8,7
DA:10,2
DA:11,2
DA:17,1
DA:24,6
DA:30,6
DA:31,6
DA:36,6
DA:37,12
DA:42,6
DA:47,7
LF:11
LH:11
end_of_record
SF:lib/core/isar/cache/schemas/pet_cache.dart
DA:20,4
DA:23,3
DA:24,3
DA:25,6
DA:26,6
DA:27,6
DA:28,4
DA:30,6
DA:31,6
DA:32,6
DA:33,9
DA:37,1
DA:38,1
DA:39,2
DA:40,2
DA:41,2
DA:42,3
DA:43,2
DA:44,2
DA:45,2
DA:49,1
DA:50,1
DA:51,1
DA:52,1
DA:53,1
DA:54,2
DA:55,1
DA:56,1
DA:57,1
DA:62,1
DA:64,1
DA:66,0
DA:74,1
DA:76,1
DA:78,0
DA:80,0
LF:36
LH:33
end_of_record
SF:lib/core/isar/cache/schemas/event_cache.dart
DA:22,3
DA:25,2
DA:26,2
DA:27,4
DA:28,4
DA:29,4
DA:30,4
DA:31,4
DA:33,4
DA:34,4
DA:36,4
DA:40,1
DA:41,1
DA:42,2
DA:43,2
DA:44,2
DA:45,2
DA:46,2
DA:47,2
DA:51,1
DA:52,1
DA:53,1
DA:54,1
DA:55,1
DA:56,1
DA:57,1
DA:58,1
LF:27
LH:27
end_of_record
SF:lib/core/isar/cache/schemas/event_image_cache.dart
DA:18,3
DA:21,2
DA:22,2
DA:23,4
DA:24,4
DA:25,4
DA:29,1
DA:30,1
DA:31,2
DA:32,2
DA:33,2
DA:37,1
DA:38,1
DA:39,1
DA:40,1
DA:41,1
LF:16
LH:16
end_of_record
SF:lib/features/event/data/models/event_image_model.dart
DA:6,2
DA:12,1
DA:13,1
DA:14,1
DA:15,1
DA:16,1
DA:20,4
DA:21,2
DA:22,2
DA:23,2
LF:10
LH:10
end_of_record
SF:lib/core/isar/cache/schemas/pet_event_cache.dart
DA:18,4
DA:20,2
DA:21,2
DA:22,2
DA:23,2
DA:27,4
DA:31,4
DA:32,4
DA:33,8
DA:34,4
LF:10
LH:10
end_of_record
SF:lib/core/isar/cache/schemas/subscription_config_cache.dart
DA:19,3
DA:22,3
DA:23,3
DA:24,9
DA:25,6
DA:26,6
DA:27,6
DA:28,6
DA:29,6
DA:33,2
DA:34,2
DA:35,4
DA:36,4
DA:37,4
DA:38,4
DA:39,4
DA:40,4
DA:44,2
DA:45,2
DA:46,2
DA:47,2
DA:48,2
DA:49,2
DA:50,2
DA:51,2
LF:25
LH:25
end_of_record
SF:lib/features/subscription/data/models/subscription_config_model.dart
DA:9,3
DA:19,1
DA:20,1
DA:21,2
DA:22,1
DA:23,1
DA:24,1
DA:25,1
DA:26,1
DA:31,2
DA:32,1
DA:33,1
DA:34,1
DA:35,1
DA:36,1
DA:37,1
LF:16
LH:16
end_of_record
SF:lib/features/journal/presentation/widgets/journal_filter/journal_filter_list_widget.dart
DA:11,1
DA:13,1
DA:15,1
DA:18,8
DA:19,2
DA:20,6
DA:22,1
DA:25,1
DA:27,1
DA:28,2
DA:29,1
DA:30,1
DA:33,3
DA:37,2
DA:38,1
DA:39,1
DA:42,0
DA:46,1
DA:49,0
LF:19
LH:17
end_of_record
SF:lib/config/theme/app_text_styles.dart
DA:9,3
DA:15,24
DA:21,12
DA:28,27
DA:34,9
DA:40,12
DA:46,18
DA:52,6
DA:60,3
DA:66,6
LF:10
LH:10
end_of_record
SF:lib/core/widgets/bottom_sheet_widget.dart
DA:13,8
DA:21,7
DA:22,7
DA:29,7
DA:33,8
DA:35,8
DA:38,8
DA:39,24
DA:41,8
DA:42,14
DA:44,6
DA:49,8
DA:50,8
DA:54,32
DA:56,14
LF:15
LH:15
end_of_record
SF:lib/core/widgets/chip_widget.dart
DA:14,2
DA:23,2
DA:28,2
DA:30,2
DA:31,2
DA:32,2
DA:33,2
DA:34,2
DA:35,2
DA:40,2
DA:41,2
DA:42,2
DA:44,2
DA:46,2
DA:47,3
DA:48,2
DA:51,2
DA:52,2
DA:54,4
DA:56,4
DA:58,4
LF:21
LH:21
end_of_record
SF:lib/core/widgets/pet_avatar_widget.dart
DA:18,6
DA:24,6
DA:26,6
DA:27,6
DA:28,12
LF:5
LH:5
end_of_record
SF:lib/core/widgets/species_icon_widget.dart
DA:9,8
DA:17,8
DA:21,32
DA:22,8
DA:23,16
DA:24,8
DA:26,8
LF:7
LH:7
end_of_record
SF:lib/features/journal/presentation/widgets/journal_filter/journal_filter_bottom_sheet_widget.dart
DA:12,2
DA:14,0
DA:15,0
DA:16,0
DA:18,0
DA:25,0
DA:27,0
DA:28,0
DA:29,0
DA:31,0
DA:34,0
DA:35,0
DA:37,0
DA:38,0
DA:39,0
DA:41,0
DA:42,0
DA:47,0
DA:48,0
DA:51,0
DA:52,0
DA:53,0
DA:54,0
DA:55,0
DA:56,0
DA:60,0
DA:61,0
DA:64,0
DA:65,0
DA:66,0
DA:72,0
DA:74,0
DA:75,0
DA:83,0
DA:85,0
DA:86,0
DA:87,0
DA:88,0
DA:89,0
DA:91,0
DA:92,0
DA:93,0
DA:96,0
DA:98,0
DA:101,0
DA:102,0
DA:104,0
DA:110,0
DA:116,0
DA:117,0
DA:118,0
DA:119,0
DA:121,0
LF:53
LH:1
end_of_record
SF:lib/features/journal/presentation/widgets/journal_timeline/journal_timeline_event_card_widget.dart
DA:21,1
DA:31,1
DA:33,2
DA:35,1
DA:36,1
DA:38,1
DA:40,1
DA:41,4
DA:42,2
DA:43,5
DA:45,1
DA:46,2
DA:47,1
DA:52,3
DA:54,2
DA:61,1
DA:62,1
DA:63,1
DA:64,1
DA:68,2
DA:69,1
DA:70,0
DA:71,0
DA:72,0
DA:74,1
DA:76,1
DA:77,1
DA:79,1
DA:80,1
DA:82,1
DA:83,1
DA:84,1
DA:86,1
DA:87,1
DA:101,1
DA:105,1
DA:107,1
DA:109,1
DA:110,1
DA:111,4
DA:112,1
DA:113,2
DA:114,1
DA:117,1
DA:118,1
DA:119,1
DA:120,1
DA:122,1
DA:123,1
DA:124,1
DA:125,1
DA:129,1
DA:130,2
DA:135,3
LF:54
LH:51
end_of_record
SF:lib/core/utils/date_formatter.dart
DA:18,5
DA:19,15
DA:20,15
DA:21,10
DA:25,2
DA:26,2
DA:27,6
DA:28,6
DA:29,6
DA:30,6
DA:31,2
DA:34,2
DA:35,1
DA:36,6
DA:37,6
DA:38,6
DA:39,2
DA:40,0
DA:41,0
DA:44,2
DA:45,1
DA:46,2
DA:48,4
DA:52,2
DA:53,1
DA:54,6
DA:55,6
DA:56,6
DA:57,2
DA:58,0
DA:59,0
DA:62,3
DA:64,4
DA:65,2
DA:66,4
DA:67,2
LF:36
LH:32
end_of_record
SF:lib/features/journal/presentation/widgets/journal_timeline/event_polaroid_collage_widget.dart
DA:13,1
DA:35,0
DA:37,0
DA:39,0
DA:40,0
DA:42,0
DA:46,0
DA:47,0
DA:50,0
DA:51,0
DA:52,0
DA:53,0
DA:60,0
DA:62,0
DA:63,0
DA:66,0
DA:68,0
DA:69,0
DA:71,0
DA:72,0
DA:74,0
DA:77,0
DA:78,0
DA:79,0
DA:81,0
DA:86,0
DA:87,0
DA:88,0
DA:89,0
DA:90,0
DA:92,0
DA:93,0
DA:94,0
DA:95,0
DA:96,0
DA:97,0
DA:98,0
DA:99,0
DA:100,0
DA:109,0
DA:113,0
DA:115,0
DA:117,0
DA:118,0
DA:127,0
DA:130,0
DA:131,0
DA:132,0
DA:134,0
DA:146,0
DA:148,0
DA:150,0
DA:151,0
DA:152,0
DA:153,0
DA:154,0
DA:156,0
DA:157,0
DA:159,0
DA:160,0
DA:163,0
DA:165,0
DA:166,0
DA:167,0
DA:173,0
DA:174,0
DA:177,0
LF:67
LH:1
end_of_record
SF:lib/core/isar/database/sync_service.dart
DA:20,1
DA:23,1
DA:24,5
DA:29,1
DA:30,3
DA:31,2
DA:36,1
DA:37,2
DA:38,1
DA:39,1
DA:40,1
DA:41,1
DA:42,1
DA:43,1
DA:44,1
DA:48,1
DA:50,4
DA:54,5
DA:56,1
DA:57,3
DA:58,3
DA:61,1
DA:65,1
DA:67,4
DA:70,1
DA:71,1
DA:72,1
DA:73,1
DA:74,1
DA:76,1
DA:77,1
DA:79,1
DA:80,3
DA:81,3
DA:84,1
DA:88,1
DA:90,3
DA:92,3
DA:93,1
DA:94,3
DA:95,3
DA:96,3
DA:99,1
DA:103,1
DA:105,3
DA:107,3
DA:108,1
DA:109,3
DA:110,3
DA:111,3
DA:114,1
DA:118,1
DA:120,3
DA:122,3
DA:123,1
DA:124,3
DA:125,3
DA:126,3
DA:129,1
DA:133,1
DA:135,3
DA:137,3
DA:138,1
DA:139,3
DA:140,3
DA:141,3
DA:144,1
DA:148,1
DA:150,3
DA:152,3
DA:153,1
DA:154,3
DA:155,3
DA:156,3
DA:159,1
DA:163,1
DA:165,3
DA:167,2
DA:168,1
DA:169,1
DA:170,3
DA:171,3
DA:172,2
DA:173,1
DA:176,1
DA:180,1
DA:182,3
DA:184,3
DA:185,1
DA:186,3
DA:187,3
DA:188,3
DA:191,1
DA:195,1
DA:197,3
DA:199,3
DA:200,1
DA:201,3
DA:202,3
DA:203,3
DA:206,1
LF:101
LH:101
end_of_record
SF:lib/features/auth/data/auth_repository.dart
DA:21,1
DA:30,1
DA:32,3
DA:33,1
DA:36,1
DA:43,1
DA:45,3
DA:46,1
DA:49,1
DA:56,1
DA:57,2
DA:63,3
DA:64,3
DA:65,2
DA:66,1
DA:67,1
DA:70,0
DA:71,0
DA:75,0
DA:80,1
DA:81,0
DA:85,1
DA:87,1
DA:90,1
DA:97,1
DA:99,3
DA:100,3
DA:101,1
DA:102,1
DA:108,0
DA:112,0
DA:117,1
DA:118,0
DA:122,1
DA:124,1
DA:127,1
DA:134,1
DA:135,3
DA:139,0
DA:142,5
DA:145,5
DA:154,1
DA:155,1
DA:156,1
DA:158,2
DA:159,1
DA:160,1
DA:161,1
DA:162,5
DA:166,1
DA:167,1
DA:170,3
DA:171,1
DA:175,5
DA:176,1
DA:177,3
DA:178,3
DA:180,1
LF:58
LH:50
end_of_record
SF:lib/features/auth/presentation/cubit/auth_state.dart
DA:10,1
DA:16,2
DA:17,0
DA:18,0
DA:20,1
DA:26,1
DA:27,1
DA:28,1
DA:29,1
DA:33,6
DA:34,6
DA:35,3
DA:37,2
DA:38,8
LF:14
LH:12
end_of_record
SF:lib/features/auth/presentation/cubit/auth_cubit.dart
DA:16,1
DA:21,1
DA:22,1
DA:25,1
DA:27,1
DA:28,4
DA:29,1
DA:32,2
DA:33,2
DA:37,2
DA:39,2
DA:41,3
DA:48,2
DA:50,3
DA:59,1
DA:60,3
DA:62,2
DA:64,3
DA:66,1
DA:72,1
DA:73,3
DA:75,2
DA:77,3
DA:79,1
DA:85,1
DA:86,3
DA:88,2
DA:90,3
DA:92,1
DA:98,1
DA:99,3
DA:101,2
DA:103,3
DA:105,1
DA:111,1
DA:112,2
DA:116,1
DA:117,2
DA:118,3
DA:137,1
DA:138,1
DA:139,2
DA:140,1
DA:142,1
DA:143,1
DA:144,1
DA:146,0
DA:149,1
DA:151,2
DA:152,1
LF:50
LH:49
end_of_record
SF:lib/core/isar/cache/schemas/health_diary_cache.dart
DA:22,3
DA:25,2
DA:26,2
DA:27,4
DA:28,4
DA:29,4
DA:30,4
DA:31,4
DA:32,2
DA:34,4
DA:35,2
DA:37,4
DA:41,1
DA:42,1
DA:43,2
DA:44,2
DA:45,2
DA:46,2
DA:47,2
DA:48,2
DA:49,2
DA:53,1
DA:54,1
DA:55,1
DA:56,1
DA:57,1
DA:58,1
DA:59,1
DA:60,1
DA:61,1
LF:30
LH:30
end_of_record
SF:lib/core/isar/cache/schemas/health_diary_vaccine_cache.dart
DA:26,3
DA:29,2
DA:30,2
DA:31,4
DA:32,4
DA:33,4
DA:34,4
DA:36,4
DA:37,4
DA:39,4
DA:40,4
DA:41,4
DA:42,4
DA:46,1
DA:47,1
DA:48,2
DA:49,2
DA:50,2
DA:51,2
DA:52,2
DA:53,2
DA:54,2
DA:55,2
DA:59,1
DA:60,1
DA:61,1
DA:62,1
DA:63,1
DA:64,1
DA:65,1
DA:66,1
DA:67,1
DA:68,1
DA:69,1
LF:34
LH:34
end_of_record
SF:lib/core/isar/cache/schemas/user_cache.dart
DA:19,4
DA:22,4
DA:23,4
DA:24,8
DA:25,8
DA:26,8
DA:27,8
DA:28,8
DA:29,2
DA:31,8
DA:35,1
DA:36,1
DA:37,2
DA:38,2
DA:39,2
DA:40,3
DA:41,2
DA:42,2
DA:46,1
DA:47,1
DA:48,1
DA:49,1
DA:50,1
DA:51,2
DA:52,1
DA:53,1
DA:58,1
DA:60,1
DA:68,1
DA:70,1
DA:72,1
LF:31
LH:31
end_of_record
SF:lib/core/isar/cache/schemas/vet_visit_cache.dart
DA:24,3
DA:27,2
DA:28,2
DA:29,4
DA:30,4
DA:31,6
DA:32,4
DA:33,4
DA:34,4
DA:38,1
DA:39,1
DA:40,2
DA:41,2
DA:42,2
DA:43,2
DA:44,2
DA:45,2
DA:49,1
DA:50,1
DA:51,1
DA:52,1
DA:53,1
DA:54,1
DA:55,1
DA:56,1
LF:25
LH:25
end_of_record
SF:lib/core/isar/cache/schemas/weight_log_cache.dart
DA:21,3
DA:24,2
DA:25,2
DA:26,4
DA:27,6
DA:28,6
DA:29,4
DA:33,1
DA:34,1
DA:35,2
DA:36,2
DA:37,2
DA:38,2
DA:42,1
DA:43,1
DA:44,1
DA:45,1
DA:46,1
DA:47,1
LF:19
LH:19
end_of_record
SF:lib/features/auth/data/models/user_model.dart
DA:11,3
DA:20,1
DA:21,1
DA:22,1
DA:23,1
DA:24,1
DA:25,2
DA:26,1
DA:27,2
DA:29,1
DA:33,2
DA:34,1
DA:35,1
DA:36,1
DA:37,2
DA:38,2
DA:39,1
DA:43,1
DA:45,1
DA:53,1
DA:55,1
DA:57,1
LF:22
LH:22
end_of_record
SF:lib/features/health/data/models/health_diary_model.dart
DA:10,5
DA:20,1
DA:21,1
DA:22,1
DA:23,1
DA:24,1
DA:25,1
DA:26,1
DA:27,2
DA:29,1
DA:30,2
DA:32,1
DA:36,4
DA:37,2
DA:38,2
DA:39,2
DA:40,2
DA:41,3
DA:42,3
DA:43,2
LF:20
LH:20
end_of_record
SF:lib/features/health/data/models/health_diary_vaccine_model.dart
DA:11,4
DA:22,1
DA:23,1
DA:24,1
DA:25,1
DA:26,2
DA:27,2
DA:28,1
DA:29,1
DA:30,1
DA:31,1
DA:35,4
DA:36,2
DA:37,2
DA:38,4
DA:39,4
DA:40,2
DA:41,2
DA:42,2
DA:43,2
LF:20
LH:20
end_of_record
SF:lib/features/health/data/models/vet_visit_model.dart
DA:9,4
DA:18,1
DA:19,1
DA:20,1
DA:21,1
DA:22,2
DA:23,1
DA:24,1
DA:25,1
DA:29,4
DA:30,2
DA:31,2
DA:32,4
DA:33,2
DA:34,2
DA:35,2
LF:16
LH:16
end_of_record
SF:lib/features/health/data/models/health_diary_weight_log_model.dart
DA:7,5
DA:14,1
DA:15,1
DA:16,1
DA:17,2
DA:18,2
DA:19,1
DA:23,4
DA:24,2
DA:25,2
DA:26,4
DA:27,2
LF:12
LH:12
end_of_record
SF:lib/features/journal/presentation/widgets/journal_event_detail/journal_event_detail_bottom_sheet_widget.dart
DA:19,1
DA:25,1
DA:30,1
DA:31,1
DA:33,1
DA:35,1
DA:36,1
DA:43,1
DA:45,1
DA:52,1
DA:54,1
DA:55,1
DA:57,8
DA:61,4
DA:62,4
DA:64,6
DA:65,1
DA:67,1
DA:68,1
DA:70,1
DA:71,1
DA:72,1
DA:73,2
DA:74,3
DA:76,2
DA:78,1
DA:79,1
DA:80,1
DA:81,1
DA:82,1
DA:83,1
DA:87,1
DA:88,0
DA:90,0
DA:92,0
DA:93,0
DA:95,0
DA:96,0
DA:97,0
DA:103,1
DA:104,4
DA:105,3
DA:108,2
DA:109,1
DA:111,1
DA:112,1
DA:115,1
DA:118,1
DA:119,1
DA:120,1
DA:125,1
DA:127,1
DA:128,1
DA:130,1
DA:132,1
DA:133,4
DA:134,1
DA:135,3
DA:139,3
DA:152,1
DA:153,1
DA:154,1
DA:155,1
DA:157,1
DA:159,2
DA:161,2
DA:162,1
DA:164,1
DA:166,1
DA:167,1
DA:168,3
DA:169,1
DA:171,1
DA:172,1
DA:175,1
DA:176,3
DA:177,1
DA:179,1
DA:180,1
DA:187,1
DA:189,3
DA:190,3
DA:191,1
DA:194,3
DA:196,1
DA:197,3
DA:201,1
DA:210,1
DA:216,1
DA:218,1
DA:219,1
DA:220,1
DA:221,1
DA:225,1
DA:226,1
DA:230,1
DA:231,1
DA:235,1
DA:236,1
DA:248,0
DA:250,0
DA:252,0
DA:253,0
DA:254,0
DA:255,0
DA:258,0
DA:259,0
DA:260,0
DA:261,0
DA:262,0
DA:264,0
DA:265,0
DA:267,0
DA:268,0
DA:271,0
DA:275,0
DA:276,0
DA:277,0
DA:284,0
DA:285,0
DA:290,0
LF:121
LH:92
end_of_record
SF:lib/core/widgets/button_widget.dart
DA:22,8
DA:34,8
DA:35,8
DA:41,8
DA:43,8
DA:45,16
DA:50,16
DA:51,8
DA:53,7
DA:57,5
DA:61,5
DA:67,2
DA:69,2
DA:73,1
DA:77,1
DA:83,1
DA:85,1
DA:89,0
DA:93,0
DA:100,8
DA:101,40
DA:103,32
DA:104,32
DA:105,0
DA:106,8
DA:107,16
DA:109,8
DA:110,8
DA:113,8
DA:114,16
DA:117,40
DA:119,16
DA:120,8
DA:122,16
DA:125,8
DA:126,16
DA:127,1
DA:130,1
DA:132,1
DA:135,8
DA:144,8
DA:145,16
DA:146,8
DA:147,0
DA:148,8
DA:149,2
DA:151,2
DA:152,6
DA:153,2
DA:154,4
DA:156,2
DA:157,2
DA:158,2
DA:159,2
DA:163,8
DA:164,2
DA:166,2
DA:167,2
DA:168,4
DA:170,2
DA:171,2
DA:172,2
DA:173,2
DA:175,6
DA:178,8
DA:179,0
DA:180,8
DA:181,16
DA:183,8
DA:184,8
DA:185,8
DA:186,8
LF:72
LH:67
end_of_record
SF:lib/features/event/presentation/event_type_styles.dart
DA:14,1
DA:52,6
LF:2
LH:2
end_of_record
SF:lib/core/widgets/app_scaffold.dart
DA:15,2
DA:28,1
DA:30,1
DA:31,1
DA:32,0
DA:34,1
DA:35,1
DA:38,1
DA:39,1
DA:40,1
DA:41,1
DA:42,1
DA:43,1
DA:44,1
LF:14
LH:13
end_of_record
SF:lib/core/widgets/date_field_widget.dart
DA:19,4
DA:32,1
DA:33,1
DA:34,4
DA:35,1
DA:37,1
DA:38,1
DA:39,1
DA:42,1
DA:44,1
DA:45,1
DA:48,1
DA:54,0
DA:60,1
DA:61,2
DA:64,4
DA:66,7
DA:67,4
DA:68,13
DA:69,4
DA:70,4
DA:71,4
DA:73,5
DA:77,4
DA:78,1
DA:79,0
DA:80,1
DA:81,1
DA:85,3
DA:86,2
DA:87,3
DA:88,3
DA:89,3
DA:90,3
DA:93,3
DA:94,3
LF:36
LH:34
end_of_record
SF:lib/features/event/presentation/cubit/event_creation_cubit.dart
DA:23,2
DA:30,2
DA:32,2
DA:33,4
DA:34,8
DA:36,6
DA:37,6
DA:39,2
DA:43,4
DA:44,4
DA:46,2
DA:48,2
DA:49,6
DA:50,2
DA:53,6
DA:55,2
DA:56,2
DA:57,8
DA:61,3
DA:68,2
DA:69,6
DA:72,2
DA:73,6
DA:77,2
DA:83,4
DA:85,3
DA:92,4
DA:93,2
DA:94,3
DA:101,6
DA:103,2
DA:104,2
DA:107,4
DA:108,2
DA:110,2
DA:111,2
DA:115,2
DA:121,2
DA:123,0
DA:124,0
DA:125,0
DA:131,6
DA:132,1
DA:133,4
DA:135,0
LF:45
LH:41
end_of_record
SF:lib/features/event/presentation/cubit/event_creation_state.dart
DA:14,3
DA:24,2
DA:33,2
DA:34,2
DA:35,2
DA:36,2
DA:37,2
DA:38,2
DA:39,2
DA:40,2
DA:44,2
DA:46,16
LF:12
LH:12
end_of_record
SF:lib/features/event/presentation/page/create_event_page.dart
DA:22,0
DA:24,1
DA:25,1
DA:36,1
DA:38,1
DA:39,3
DA:42,3
DA:44,1
DA:46,3
DA:47,2
DA:48,2
DA:49,1
DA:52,1
DA:54,1
DA:55,4
DA:56,1
DA:57,2
DA:58,1
DA:59,2
DA:60,0
DA:61,0
DA:62,0
DA:63,0
DA:66,1
DA:67,2
DA:73,2
DA:74,2
DA:75,4
DA:76,0
DA:78,2
DA:79,1
DA:80,5
DA:81,1
DA:84,5
DA:86,1
DA:88,2
DA:89,2
DA:91,0
DA:94,1
DA:95,1
DA:97,1
DA:99,1
DA:101,1
DA:102,0
DA:105,1
DA:110,1
DA:111,1
DA:112,1
DA:115,1
DA:116,1
DA:118,1
DA:121,2
DA:128,1
DA:130,1
DA:132,1
DA:133,1
DA:135,1
DA:136,1
DA:137,3
DA:138,1
DA:139,3
DA:143,1
DA:144,2
DA:145,1
DA:147,1
DA:148,1
DA:149,1
DA:151,1
DA:152,2
DA:154,1
DA:155,1
DA:162,1
DA:163,1
DA:164,1
DA:165,1
DA:166,1
DA:167,1
DA:172,1
DA:173,2
DA:174,1
DA:176,1
DA:177,1
DA:179,1
DA:180,2
DA:182,1
DA:183,1
DA:192,1
DA:193,1
DA:194,0
DA:195,0
DA:196,0
DA:197,0
DA:199,0
DA:200,0
DA:202,0
DA:203,0
DA:212,0
DA:214,0
DA:216,0
DA:219,0
DA:220,0
DA:221,0
DA:222,0
DA:223,0
DA:230,1
DA:231,1
DA:232,1
DA:234,1
DA:237,2
DA:244,1
DA:249,1
DA:250,2
DA:251,3
DA:252,2
DA:253,1
DA:254,1
LF:116
LH:92
end_of_record
SF:lib/features/event/presentation/widgets/create_event/create_event_bottom_sheet/add_image_bottom_sheet_widget.dart
DA:10,1
DA:12,1
DA:13,1
DA:19,0
DA:20,0
DA:21,0
DA:22,0
DA:23,0
DA:26,0
DA:27,0
DA:28,0
DA:29,0
DA:30,0
DA:33,1
DA:35,1
DA:37,1
DA:38,1
DA:41,0
DA:43,1
DA:46,0
DA:48,1
DA:51,0
DA:63,1
DA:69,1
DA:71,1
DA:73,1
DA:74,1
DA:75,1
DA:76,1
DA:79,1
DA:80,1
DA:81,1
DA:83,1
DA:84,1
DA:85,1
DA:88,1
DA:90,1
DA:92,2
DA:95,1
DA:96,3
LF:40
LH:27
end_of_record
SF:lib/features/event/presentation/widgets/create_event/create_event_bottom_sheet/event_type_bottom_sheet_widget.dart
DA:14,2
DA:21,2
DA:26,2
DA:28,2
DA:32,2
DA:34,2
DA:37,2
DA:38,4
DA:39,1
DA:41,1
DA:43,2
DA:47,4
DA:52,2
DA:53,4
DA:54,6
DA:56,2
DA:58,2
DA:59,2
DA:60,8
DA:61,2
DA:64,2
DA:65,2
DA:66,2
DA:67,2
DA:71,2
DA:72,2
DA:73,2
DA:77,2
DA:78,2
DA:79,2
DA:81,2
DA:82,2
DA:84,0
DA:85,0
DA:89,2
DA:90,6
LF:36
LH:34
end_of_record
SF:lib/features/event/presentation/widgets/create_event/create_event_bottom_sheet/pet_select_bottom_sheet_widget.dart
DA:16,2
DA:23,2
DA:29,2
DA:31,2
DA:39,2
DA:41,2
DA:46,8
DA:48,2
DA:50,4
DA:52,2
DA:55,2
DA:57,2
DA:58,2
DA:59,2
DA:62,2
DA:63,2
DA:67,2
DA:72,10
DA:77,2
DA:78,6
DA:79,1
DA:81,1
DA:84,2
DA:88,4
DA:89,2
DA:91,2
DA:92,2
DA:93,2
DA:94,4
DA:95,6
DA:96,6
DA:98,6
DA:102,2
DA:105,2
DA:106,2
DA:107,2
DA:108,6
DA:114,2
DA:115,2
DA:116,2
DA:118,2
DA:119,6
DA:130,2
DA:131,8
DA:135,2
LF:45
LH:45
end_of_record
SF:lib/features/event/presentation/widgets/create_event/polaroid_collage_widget.dart
DA:15,2
DA:37,2
DA:39,2
DA:40,2
DA:42,2
DA:43,2
DA:45,7
DA:50,2
DA:52,6
DA:53,0
DA:56,4
DA:58,3
DA:59,2
DA:61,4
DA:62,6
DA:63,4
DA:64,10
DA:65,4
DA:67,2
DA:70,6
DA:71,6
DA:72,2
DA:74,2
DA:75,2
DA:76,2
DA:78,2
DA:79,4
DA:80,2
DA:81,2
DA:82,2
DA:83,2
DA:84,2
DA:86,2
DA:99,1
DA:101,3
DA:102,0
DA:103,0
DA:105,0
DA:107,0
DA:108,0
DA:109,0
DA:110,0
DA:118,3
DA:119,1
DA:120,1
DA:122,1
DA:123,3
DA:124,1
DA:125,1
DA:126,1
DA:127,1
DA:128,1
DA:130,1
DA:131,1
DA:132,3
DA:146,1
DA:147,1
DA:148,0
DA:150,0
DA:155,2
DA:160,2
DA:162,2
DA:164,2
DA:167,1
DA:178,2
DA:181,2
DA:182,4
DA:191,2
DA:192,2
DA:209,2
DA:214,2
DA:216,2
DA:217,4
DA:218,4
DA:219,2
DA:221,2
DA:222,2
DA:223,2
DA:224,2
DA:225,4
DA:229,4
DA:231,4
DA:232,4
DA:233,2
DA:234,6
DA:237,4
DA:242,1
DA:244,3
DA:245,3
DA:246,3
DA:247,3
DA:248,3
LF:92
LH:82
end_of_record
SF:lib/features/event/presentation/widgets/create_event/sticker_selector_widget.dart
DA:12,2
DA:24,2
DA:26,2
DA:28,2
DA:29,2
DA:31,2
DA:32,2
DA:33,2
DA:34,2
DA:37,2
DA:38,2
DA:46,2
DA:47,8
DA:49,4
DA:50,2
DA:51,2
DA:52,2
DA:54,2
DA:55,2
DA:56,2
DA:58,2
DA:59,2
DA:60,2
DA:65,2
DA:70,2
DA:76,4
DA:78,1
DA:81,1
DA:84,1
DA:85,3
DA:86,1
DA:87,1
DA:88,1
DA:89,1
DA:90,1
DA:92,1
DA:93,1
DA:94,1
DA:96,1
DA:97,1
DA:98,1
DA:103,1
DA:108,1
LF:43
LH:43
end_of_record
SF:lib/features/home/presentation/page/profile_page.dart
DA:6,1
DA:8,1
DA:10,1
DA:11,1
DA:12,3
LF:5
LH:5
end_of_record
SF:lib/features/home/presentation/cubit/home_state.dart
DA:10,2
DA:16,2
DA:21,2
DA:22,2
DA:23,2
DA:24,2
DA:28,2
DA:29,8
LF:8
LH:8
end_of_record
SF:lib/features/home/presentation/cubit/home_cubit.dart
DA:17,2
DA:22,2
DA:23,10
DA:24,2
DA:28,2
DA:29,6
DA:33,2
DA:34,4
DA:35,6
DA:36,2
DA:37,8
DA:42,2
DA:44,4
DA:45,2
LF:14
LH:14
end_of_record
SF:lib/features/home/presentation/page/home_page.dart
DA:11,1
DA:13,2
DA:15,2
DA:17,2
DA:18,2
DA:19,2
DA:20,4
DA:23,4
DA:26,2
DA:28,2
DA:29,2
DA:30,2
DA:32,6
DA:47,2
DA:49,2
DA:51,2
DA:54,2
DA:55,2
DA:59,2
DA:61,2
DA:62,2
DA:63,2
DA:64,4
DA:66,0
DA:67,2
DA:68,2
DA:69,2
DA:71,2
DA:72,2
DA:73,4
DA:74,6
DA:76,4
DA:77,10
DA:78,10
DA:79,6
DA:80,8
LF:36
LH:35
end_of_record
SF:lib/features/health/data/health_repository.dart
DA:17,1
DA:20,1
DA:21,2
DA:22,1
DA:23,1
DA:24,1
DA:25,5
DA:28,1
DA:29,3
DA:30,1
DA:33,1
DA:35,1
DA:36,1
DA:37,2
DA:39,1
DA:44,3
DA:45,2
DA:46,2
DA:51,1
DA:54,2
DA:55,1
DA:56,1
DA:57,1
DA:58,1
DA:59,6
DA:63,1
DA:66,3
DA:67,1
DA:69,2
DA:70,1
DA:71,2
DA:72,1
DA:73,2
DA:74,1
DA:75,1
DA:76,4
DA:79,1
DA:81,4
DA:83,1
DA:88,3
DA:89,3
DA:90,1
DA:95,1
DA:97,1
DA:98,1
DA:99,2
DA:100,2
DA:102,1
DA:107,3
DA:108,3
DA:109,1
DA:114,1
DA:116,1
DA:117,1
DA:118,1
DA:119,1
DA:121,1
DA:126,3
DA:127,2
DA:128,1
DA:133,1
DA:134,2
DA:135,1
DA:136,1
DA:137,1
DA:138,1
DA:139,6
DA:142,1
DA:144,4
DA:146,1
DA:151,3
DA:152,3
DA:153,1
DA:158,1
DA:160,1
DA:161,1
DA:162,1
DA:163,1
DA:165,1
DA:170,3
DA:171,2
DA:172,1
DA:177,1
DA:178,2
DA:179,1
DA:180,1
DA:181,1
DA:182,1
DA:183,6
DA:186,1
DA:188,4
DA:190,1
DA:195,3
DA:196,2
DA:197,2
DA:201,1
DA:203,1
DA:204,1
DA:205,2
DA:206,2
DA:208,1
DA:213,3
DA:214,2
DA:215,2
DA:219,1
DA:221,1
DA:222,1
DA:223,1
DA:224,1
DA:226,1
DA:231,3
DA:232,3
LF:112
LH:112
end_of_record
SF:lib/features/pet/presentation/cubit/pet_details_state.dart
DA:20,4
DA:36,2
DA:37,4
DA:38,6
DA:44,2
DA:45,2
DA:46,4
DA:47,0
DA:48,0
DA:49,0
DA:51,4
DA:52,4
DA:53,4
DA:58,4
DA:73,4
DA:74,4
DA:75,4
DA:76,4
DA:77,4
DA:79,4
DA:80,4
DA:81,8
DA:82,8
DA:83,4
DA:84,4
DA:85,4
DA:86,4
DA:87,4
DA:88,4
DA:90,8
DA:94,4
DA:95,4
DA:96,4
DA:97,4
DA:98,4
DA:99,4
DA:100,4
DA:101,4
DA:102,4
DA:103,4
DA:104,4
DA:105,4
DA:106,4
DA:107,4
DA:108,4
LF:45
LH:42
end_of_record
SF:lib/features/pet/presentation/cubit/pet_details_cubit.dart
DA:29,4
DA:36,4
DA:37,20
DA:38,4
DA:41,4
DA:42,8
DA:43,16
DA:45,12
DA:47,12
DA:53,4
DA:54,4
DA:58,1
DA:59,3
DA:60,3
DA:61,1
DA:64,1
DA:65,2
DA:68,1
DA:69,1
DA:74,2
DA:76,1
DA:77,4
DA:81,1
DA:99,2
DA:102,3
DA:103,1
DA:110,3
DA:112,2
DA:115,2
DA:116,1
DA:117,1
DA:119,0
DA:125,2
DA:126,2
DA:127,1
DA:128,1
DA:140,2
DA:141,2
DA:142,1
DA:143,1
DA:153,0
DA:154,0
DA:158,1
DA:165,2
DA:168,2
DA:169,1
DA:170,1
DA:172,0
DA:173,0
DA:174,1
DA:175,1
DA:176,1
DA:178,2
DA:180,0
DA:181,0
DA:185,1
DA:193,2
DA:196,1
DA:198,1
DA:199,1
DA:208,2
DA:210,0
DA:211,0
DA:215,0
DA:217,0
DA:219,0
DA:220,0
DA:224,2
DA:230,4
DA:233,2
DA:234,2
DA:241,4
DA:243,0
DA:244,0
DA:249,1
DA:250,2
DA:251,1
DA:252,0
DA:253,0
DA:256,0
DA:257,0
DA:260,1
DA:261,2
DA:262,3
DA:265,4
DA:266,5
DA:267,5
DA:268,5
DA:269,5
DA:271,4
DA:272,16
DA:273,8
DA:274,4
DA:275,8
DA:276,4
DA:277,16
DA:278,4
DA:279,4
DA:282,4
DA:283,12
DA:285,4
DA:287,6
DA:288,6
DA:289,6
DA:291,6
DA:295,3
DA:296,9
DA:299,4
DA:300,12
DA:302,10
DA:306,4
DA:307,12
DA:310,4
DA:312,8
DA:313,4
DA:314,12
DA:315,20
DA:316,4
DA:317,16
DA:323,4
DA:325,12
DA:326,8
DA:335,12
DA:336,4
DA:337,20
DA:338,12
DA:339,12
DA:342,0
DA:343,0
DA:348,4
DA:350,12
DA:351,8
DA:359,4
DA:360,8
DA:361,0
DA:362,0
DA:364,4
DA:365,12
DA:369,4
DA:371,8
DA:372,8
DA:373,7
DA:374,8
DA:375,8
DA:376,4
LF:145
LH:122
end_of_record
SF:lib/features/pet/presentation/page/pet_health_diary_page.dart
DA:13,1
DA:15,1
DA:17,1
DA:18,0
DA:19,0
DA:20,0
DA:21,0
DA:22,0
DA:23,0
DA:24,0
DA:26,1
DA:27,1
DA:28,1
DA:30,1
DA:32,2
DA:34,1
DA:36,1
DA:38,1
DA:39,1
DA:40,3
DA:41,1
DA:42,1
DA:43,1
DA:49,1
DA:50,1
DA:56,1
DA:57,1
DA:63,1
DA:64,1
LF:29
LH:22
end_of_record
SF:lib/core/utils/gender_formatter.dart
DA:4,2
DA:6,2
DA:8,0
DA:10,0
LF:4
LH:2
end_of_record
SF:lib/features/pet/presentation/widgets/pet_health_diary/pet_diary_card/pet_summary_diary_card_widget.dart
DA:18,1
DA:27,1
DA:29,1
DA:31,1
DA:32,1
DA:33,1
DA:34,1
DA:36,1
DA:38,2
DA:39,1
DA:40,3
DA:41,1
DA:43,3
DA:45,1
DA:47,2
DA:49,4
DA:51,1
DA:53,5
DA:54,2
DA:57,1
DA:59,2
DA:61,2
LF:22
LH:22
end_of_record
SF:lib/features/pet/presentation/widgets/pet_health_diary/pet_diary_card/pet_vaccine_diary_card_widget.dart
DA:17,1
DA:19,1
DA:21,1
DA:23,1
DA:24,1
DA:25,1
DA:26,1
DA:27,1
DA:28,1
DA:29,3
DA:31,0
DA:32,3
DA:34,2
DA:35,0
DA:36,0
DA:38,0
DA:40,0
DA:45,0
DA:46,0
DA:48,0
DA:52,0
DA:53,0
DA:54,0
DA:55,0
DA:66,1
DA:72,1
DA:73,1
DA:75,1
DA:76,0
DA:81,0
LF:30
LH:16
end_of_record
SF:lib/features/pet/presentation/widgets/pet_health_diary/pet_diary_card/pet_vet_visit_diary_card_widget.dart
DA:16,1
DA:18,1
DA:20,1
DA:22,1
DA:23,1
DA:24,1
DA:25,1
DA:26,1
DA:27,1
DA:28,1
DA:29,3
DA:30,3
DA:31,2
DA:32,3
DA:33,2
DA:34,1
DA:40,1
DA:46,1
DA:47,1
DA:49,1
DA:50,1
DA:56,2
LF:22
LH:22
end_of_record
SF:lib/features/pet/presentation/widgets/pet_health_diary/pet_diary_card/pet_weight_graph_diary_card_widget.dart
DA:17,1
DA:19,1
DA:21,1
DA:23,1
DA:24,2
DA:26,1
DA:27,1
DA:28,1
DA:30,2
DA:32,4
DA:34,1
DA:36,2
DA:38,4
DA:43,1
DA:48,0
DA:49,0
DA:51,0
DA:52,0
LF:18
LH:14
end_of_record
SF:lib/features/pet/presentation/widgets/pet_health_diary/pet_diary_bottom_sheet/add_vaccine_bottom_sheet_widget.dart
DA:20,1
DA:26,1
DA:27,1
DA:35,1
DA:37,1
DA:38,2
DA:39,2
DA:40,1
DA:41,1
DA:44,1
DA:45,4
DA:46,0
DA:47,0
DA:49,1
DA:51,2
DA:52,1
DA:55,0
DA:56,0
DA:57,0
DA:58,0
DA:59,0
DA:60,0
DA:62,0
DA:65,1
DA:67,1
DA:69,2
DA:70,1
DA:73,1
DA:74,1
DA:76,1
DA:77,1
DA:78,1
DA:80,0
DA:81,1
DA:85,1
DA:86,1
DA:92,1
DA:94,1
DA:95,4
DA:96,0
DA:99,1
DA:101,1
DA:102,4
DA:103,0
LF:44
LH:32
end_of_record
SF:lib/features/pet/presentation/widgets/pet_health_diary/pet_diary_bottom_sheet/add_vet_visit_bottom_sheet_widget.dart
DA:19,1
DA:21,1
DA:23,1
DA:33,1
DA:34,5
DA:36,1
DA:38,2
DA:39,2
DA:40,2
DA:41,1
DA:44,1
DA:45,1
DA:46,3
DA:47,3
DA:48,3
DA:49,3
DA:50,1
DA:51,1
DA:52,1
DA:54,3
DA:57,1
DA:59,1
DA:61,1
DA:64,2
DA:65,1
DA:67,1
DA:68,2
DA:70,1
DA:72,1
DA:73,4
DA:76,2
DA:79,2
DA:85,1
DA:90,1
DA:94,3
DA:95,1
DA:99,1
DA:100,1
LF:38
LH:38
end_of_record
SF:lib/features/pet/presentation/widgets/pet_health_diary/pet_diary_card_widget/pet_diary_card_widget.dart
DA:11,1
DA:17,1
DA:19,1
DA:21,1
DA:22,1
DA:23,1
DA:24,1
DA:25,1
DA:28,1
DA:31,1
DA:33,1
DA:34,2
DA:35,1
DA:38,2
LF:14
LH:14
end_of_record
SF:lib/features/pet/presentation/widgets/pet_health_diary/pet_diary_card_widget/pet_diary_table_widget.dart
DA:13,1
DA:26,1
DA:32,1
DA:34,2
DA:35,0
DA:36,0
DA:37,0
DA:41,1
DA:43,1
DA:44,5
DA:45,1
DA:46,1
DA:50,3
DA:56,1
DA:57,1
DA:59,1
DA:61,1
DA:62,3
DA:63,1
DA:65,1
DA:66,1
DA:67,1
DA:68,1
DA:74,1
DA:77,1
DA:78,1
DA:80,1
DA:81,2
DA:82,1
DA:83,1
DA:84,1
DA:86,2
DA:91,1
DA:93,1
DA:94,1
DA:95,1
LF:36
LH:33
end_of_record
SF:lib/features/pet/presentation/widgets/pet_health_diary/vaccine_status_badge_widget.dart
DA:9,1
DA:10,1
DA:11,2
DA:12,1
DA:13,1
DA:20,1
DA:22,1
DA:24,2
DA:31,1
DA:35,1
DA:36,4
DA:37,1
DA:40,0
DA:46,1
DA:51,1
DA:53,1
DA:54,2
DA:57,1
DA:59,2
LF:19
LH:18
end_of_record
SF:lib/features/pet/presentation/widgets/pet_health_diary/weight_chart_widget.dart
DA:13,2
DA:15,2
DA:17,4
DA:20,2
DA:21,6
DA:22,1
DA:23,1
DA:25,1
DA:28,1
DA:32,2
DA:37,1
DA:38,4
DA:39,5
DA:42,1
DA:43,1
DA:47,1
DA:48,1
DA:50,1
DA:51,0
DA:52,0
DA:53,0
DA:54,0
DA:55,0
DA:57,0
DA:58,0
DA:59,0
DA:60,0
DA:61,0
DA:62,0
DA:63,0
DA:64,0
DA:71,0
DA:74,1
DA:75,1
DA:82,1
DA:84,1
LF:36
LH:22
end_of_record
SF:lib/features/pet/presentation/widgets/pet_profile/pet_bottom_sheet/add_weight_bottom_sheet_widget.dart
DA:15,1
DA:17,1
DA:19,1
DA:27,1
DA:29,2
DA:30,1
DA:33,0
DA:34,0
DA:35,0
DA:39,0
DA:40,0
DA:43,0
DA:44,0
DA:46,0
DA:47,0
DA:50,1
DA:52,1
DA:54,1
DA:56,1
DA:57,1
DA:60,1
DA:61,1
DA:62,1
DA:65,1
DA:66,2
DA:68,1
DA:69,0
DA:70,0
DA:72,1
DA:77,1
DA:78,1
DA:84,1
DA:86,1
DA:87,0
LF:34
LH:22
end_of_record
SF:lib/features/onboarding/presentation/cubit/onboarding_state.dart
DA:22,4
DA:37,4
DA:54,4
DA:55,4
DA:56,4
DA:57,4
DA:58,4
DA:59,4
DA:60,4
DA:61,4
DA:62,4
DA:64,4
DA:65,4
DA:66,4
DA:67,4
DA:72,4
DA:73,16
DA:74,4
DA:75,8
DA:78,4
DA:79,12
DA:82,9
DA:84,3
DA:85,3
DA:86,3
DA:87,3
DA:88,3
DA:89,3
DA:90,3
DA:91,3
DA:92,3
DA:93,3
DA:94,3
DA:95,3
DA:96,3
DA:97,3
LF:36
LH:36
end_of_record
SF:lib/features/onboarding/presentation/cubit/onboarding_cubit.dart
DA:14,3
DA:17,3
DA:19,3
DA:20,9
DA:23,3
DA:24,9
DA:25,9
DA:32,3
DA:35,3
DA:36,9
DA:39,3
DA:40,9
DA:43,3
DA:44,9
DA:47,3
DA:48,15
DA:49,9
DA:50,15
DA:51,9
DA:55,2
DA:56,6
DA:57,12
DA:61,1
DA:62,1
DA:66,2
DA:67,6
DA:68,6
DA:71,6
DA:76,4
DA:77,6
DA:82,3
DA:89,3
DA:90,9
DA:95,6
DA:96,9
DA:101,0
DA:108,0
DA:109,0
LF:38
LH:35
end_of_record
SF:lib/features/pet/presentation/cubit/pet_creation_state.dart
DA:10,3
DA:16,2
DA:23,2
DA:24,0
DA:25,2
DA:26,2
DA:30,2
DA:31,8
LF:8
LH:7
end_of_record
SF:lib/features/pet/presentation/cubit/pet_creation_cubit.dart
DA:22,2
DA:29,4
DA:30,2
DA:31,10
DA:35,2
DA:42,2
DA:43,4
DA:47,4
DA:51,4
DA:55,2
DA:56,2
DA:57,4
DA:59,2
DA:60,4
DA:63,4
DA:64,2
DA:67,2
DA:68,4
DA:71,6
DA:76,4
DA:77,6
DA:81,2
DA:82,6
DA:84,2
DA:87,0
DA:94,2
DA:95,4
DA:96,2
DA:99,2
DA:101,4
DA:102,2
LF:31
LH:30
end_of_record
SF:lib/features/pet/presentation/page/create_pet_page.dart
DA:16,1
DA:18,2
DA:19,2
DA:25,2
DA:27,2
DA:28,8
DA:29,6
DA:32,2
DA:34,4
DA:35,2
DA:39,1
DA:40,2
DA:41,0
DA:42,0
DA:44,2
DA:49,2
DA:50,4
DA:51,4
DA:53,2
DA:54,2
DA:55,1
DA:56,1
DA:57,1
DA:58,1
DA:60,1
DA:64,2
DA:65,2
DA:66,2
DA:67,1
DA:68,2
DA:69,2
DA:70,2
DA:71,2
DA:77,2
DA:79,2
DA:80,2
DA:81,6
DA:82,2
DA:83,4
DA:84,4
DA:85,4
DA:91,2
DA:92,2
DA:94,0
DA:96,0
DA:98,2
DA:100,2
DA:101,2
DA:102,2
DA:103,2
DA:104,2
DA:105,2
DA:106,2
DA:110,2
DA:111,2
DA:112,2
DA:119,2
DA:120,2
DA:121,2
DA:132,2
DA:134,2
DA:135,4
DA:138,2
DA:139,4
DA:141,2
LF:65
LH:61
end_of_record
SF:lib/features/pet/presentation/widgets/pet_creation/pet_creation_step_three_widget.dart
DA:10,1
DA:12,2
DA:13,2
DA:25,2
DA:27,2
DA:28,6
DA:29,2
DA:30,2
DA:34,2
DA:35,2
DA:36,2
DA:46,2
DA:47,2
DA:59,2
DA:61,2
DA:62,8
DA:64,4
DA:65,4
DA:66,7
DA:67,4
DA:70,2
DA:71,2
DA:72,2
DA:74,2
DA:75,2
DA:76,6
DA:78,2
DA:79,2
DA:81,2
DA:82,2
DA:85,6
DA:89,1
DA:90,1
DA:95,2
DA:96,2
DA:99,6
DA:101,2
DA:104,6
DA:106,2
LF:39
LH:39
end_of_record
SF:lib/core/widgets/error_banner_widget.dart
DA:8,0
DA:10,1
DA:12,1
DA:15,1
DA:16,1
DA:17,1
DA:18,2
DA:20,1
DA:22,1
DA:23,2
DA:25,1
DA:26,1
DA:27,1
DA:28,1
DA:29,1
DA:30,1
DA:31,2
LF:17
LH:16
end_of_record
SF:lib/core/widgets/nanimo_text_field_widget.dart
DA:14,1
DA:24,1
DA:26,2
DA:27,1
DA:29,1
DA:30,1
DA:31,1
DA:32,2
DA:37,1
DA:38,1
DA:39,1
DA:40,1
DA:41,1
DA:43,2
DA:46,1
DA:47,1
DA:48,2
LF:17
LH:17
end_of_record
SF:lib/core/widgets/step_indicator_widget.dart
DA:9,2
DA:15,2
DA:17,2
DA:18,6
DA:19,6
DA:20,2
DA:21,2
DA:23,2
DA:24,6
DA:27,2
DA:29,2
LF:11
LH:11
end_of_record
SF:lib/features/pet/presentation/widgets/pet_creation/pet_creation_step_one_widget.dart
DA:9,1
DA:11,1
DA:13,1
DA:19,1
DA:21,1
DA:22,4
DA:23,2
DA:24,1
DA:27,1
DA:28,2
DA:29,3
DA:30,3
DA:31,1
DA:35,1
DA:37,2
DA:38,1
DA:41,1
DA:43,2
DA:44,1
DA:46,1
DA:48,1
DA:49,1
DA:51,1
DA:54,1
DA:55,1
DA:59,1
DA:60,2
DA:63,1
LF:28
LH:28
end_of_record
SF:lib/features/pet/presentation/widgets/pet_creation/pet_creation_step_two_widget.dart
DA:8,1
DA:10,2
DA:12,2
DA:14,2
DA:16,2
DA:17,2
DA:19,6
DA:22,2
DA:24,2
DA:26,2
LF:10
LH:10
end_of_record
SF:lib/features/pet/presentation/widgets/pet_creation/grid_tile_widget.dart
DA:12,2
DA:20,2
DA:22,4
DA:23,2
DA:24,2
DA:25,2
DA:26,4
DA:28,2
DA:30,2
DA:32,2
DA:33,2
DA:34,4
DA:35,2
DA:37,2
DA:42,2
DA:44,2
DA:45,4
DA:46,6
DA:49,2
DA:50,2
DA:54,2
LF:21
LH:21
end_of_record
SF:lib/features/pet/presentation/widgets/pet_creation/pet_attribute_selector/pet_birthdate_selector_widget.dart
DA:10,2
DA:12,2
DA:13,6
DA:14,6
DA:15,4
DA:18,2
DA:20,2
DA:21,8
DA:24,2
DA:27,2
DA:28,2
DA:29,2
DA:30,8
DA:34,2
DA:35,2
DA:36,6
DA:37,2
DA:38,2
DA:39,2
DA:40,1
DA:41,1
DA:42,1
DA:44,1
DA:46,1
DA:47,1
DA:50,1
DA:54,3
DA:56,0
DA:62,1
DA:63,2
DA:66,2
DA:67,2
DA:72,2
DA:74,2
DA:75,2
DA:82,2
DA:83,2
DA:84,2
DA:90,2
DA:92,4
DA:94,8
LF:41
LH:40
end_of_record
SF:lib/features/pet/presentation/widgets/pet_creation/pet_attribute_selector/pet_gender_selector_widget.dart
DA:10,2
DA:18,2
DA:20,2
DA:21,8
DA:23,2
DA:26,2
DA:27,2
DA:28,2
DA:29,8
DA:33,2
DA:34,8
DA:35,2
DA:36,2
DA:45,2
DA:46,2
DA:47,2
DA:48,4
DA:49,2
DA:52,1
DA:53,2
DA:54,2
LF:21
LH:21
end_of_record
SF:lib/features/pet/presentation/widgets/pet_creation/pet_attribute_selector/pet_race_selector_widget.dart
DA:11,2
DA:13,2
DA:15,4
DA:17,2
DA:18,8
DA:20,2
DA:23,2
DA:24,2
DA:25,2
DA:26,8
DA:30,2
DA:31,2
DA:32,6
DA:33,6
DA:34,6
DA:35,2
DA:36,2
DA:37,2
DA:38,2
DA:43,2
DA:44,0
DA:45,0
DA:46,0
DA:47,0
DA:50,0
DA:53,0
DA:54,0
DA:58,2
DA:59,4
DA:60,0
DA:64,0
DA:66,0
DA:72,2
DA:75,2
DA:76,2
DA:78,4
DA:84,2
DA:85,2
DA:86,2
DA:90,2
DA:91,2
DA:97,2
DA:98,2
DA:105,2
DA:106,2
DA:107,4
DA:108,2
DA:109,4
DA:112,2
DA:113,1
DA:115,2
LF:51
LH:41
end_of_record
SF:lib/features/pet/presentation/widgets/pet_creation/pet_attribute_selector/pet_species_selector_widget.dart
DA:12,1
DA:14,1
DA:16,1
DA:19,1
DA:20,1
DA:22,4
DA:26,1
DA:27,1
DA:28,3
DA:29,3
DA:30,3
DA:31,1
DA:32,1
DA:33,1
DA:34,1
DA:39,1
DA:40,0
DA:41,0
DA:42,0
DA:43,0
DA:46,0
DA:49,0
DA:50,0
DA:54,1
DA:55,2
DA:56,0
DA:60,0
DA:62,0
DA:68,1
DA:77,2
DA:78,1
DA:79,2
DA:81,3
DA:82,1
DA:83,1
DA:85,1
DA:86,1
DA:87,2
DA:88,1
DA:89,1
LF:40
LH:30
end_of_record
SF:lib/features/pet/presentation/page/pet_page.dart
DA:23,1
DA:25,1
DA:27,1
DA:28,0
DA:29,0
DA:30,0
DA:31,0
DA:32,0
DA:33,0
DA:34,0
DA:36,1
DA:37,2
DA:44,1
DA:46,0
DA:48,0
DA:49,0
DA:54,1
DA:56,1
DA:58,1
DA:59,1
DA:60,1
DA:61,1
DA:62,1
DA:63,0
DA:65,1
DA:67,1
DA:75,1
DA:77,1
DA:79,1
DA:81,1
DA:82,1
DA:83,1
DA:84,1
DA:85,1
DA:88,1
DA:89,2
DA:90,1
DA:96,1
DA:98,1
DA:99,1
DA:102,3
DA:104,1
DA:106,1
DA:108,1
DA:110,2
DA:112,1
DA:114,1
DA:116,4
DA:121,1
DA:124,1
DA:125,1
DA:126,1
DA:128,1
DA:129,1
DA:130,1
DA:131,1
DA:132,0
DA:143,0
DA:144,0
DA:154,0
DA:160,1
DA:162,1
DA:163,1
DA:164,0
DA:165,0
DA:166,0
DA:170,1
DA:171,1
DA:172,0
DA:173,0
DA:177,1
DA:181,2
DA:182,1
DA:183,1
DA:189,0
DA:190,0
DA:191,0
DA:193,0
DA:194,0
DA:197,0
DA:200,1
DA:203,0
LF:82
LH:55
end_of_record
SF:lib/core/widgets/text_field_widget.dart
DA:19,3
DA:33,3
DA:34,3
DA:40,3
DA:42,3
DA:43,9
DA:46,3
DA:48,3
DA:49,3
DA:53,3
DA:55,3
DA:56,7
DA:57,6
DA:60,3
DA:61,6
DA:62,6
DA:63,6
DA:64,3
DA:65,6
DA:66,6
DA:67,6
DA:68,9
DA:69,3
DA:70,6
DA:71,6
DA:72,3
DA:73,3
DA:74,3
DA:75,3
DA:84,3
DA:85,3
DA:89,3
DA:90,3
DA:91,6
DA:93,3
DA:94,3
DA:95,6
DA:97,6
DA:98,1
DA:99,1
DA:100,1
DA:103,0
LF:42
LH:41
end_of_record
SF:lib/features/pet/presentation/widgets/pet_profile/pet_card_widget/pet_card_item_widget.dart
DA:15,1
DA:26,1
DA:28,1
DA:30,1
DA:31,1
DA:32,0
DA:34,0
DA:35,0
DA:38,0
DA:39,0
DA:40,0
DA:45,0
DA:46,0
DA:47,0
DA:48,0
DA:49,0
DA:55,1
DA:56,1
DA:57,3
DA:59,1
DA:60,1
DA:61,1
DA:62,1
DA:63,1
DA:65,1
DA:66,1
DA:67,1
DA:69,2
LF:28
LH:17
end_of_record
SF:lib/features/pet/presentation/widgets/pet_profile/pet_card_widget/pet_card_widget.dart
DA:17,1
DA:27,1
DA:29,1
DA:32,1
DA:33,1
DA:34,1
DA:35,2
DA:36,2
DA:39,1
DA:41,1
DA:42,1
DA:43,1
DA:44,1
DA:45,1
DA:48,1
DA:49,2
DA:51,1
DA:58,1
DA:59,1
DA:60,1
DA:61,4
DA:62,1
DA:63,0
DA:65,3
DA:70,1
DA:71,4
DA:72,1
DA:73,1
DA:75,1
DA:76,1
DA:78,1
DA:79,1
DA:80,1
DA:81,3
DA:82,3
DA:83,3
DA:84,3
DA:87,4
DA:88,1
DA:89,1
DA:90,4
DA:91,4
DA:92,4
DA:93,4
LF:44
LH:43
end_of_record
SF:lib/features/pet/presentation/widgets/pet_health_diary/pet_diary_bottom_sheet/create_health_diary_bottom_sheet_widget.dart
DA:47,2
DA:55,2
DA:57,2
DA:75,2
DA:77,2
DA:78,6
DA:81,2
DA:83,4
DA:84,4
DA:85,2
DA:89,0
DA:90,0
DA:91,0
DA:92,0
DA:93,0
DA:99,0
DA:108,0
DA:109,0
DA:113,1
DA:114,1
DA:115,1
DA:116,2
DA:117,3
DA:119,1
DA:120,3
DA:121,3
DA:122,3
DA:123,1
DA:126,1
DA:128,3
DA:129,3
DA:130,1
DA:131,1
DA:132,1
DA:133,1
DA:134,0
DA:136,1
DA:138,2
DA:140,3
DA:143,2
DA:145,2
DA:148,2
DA:151,2
DA:153,2
DA:155,2
DA:156,4
DA:157,2
DA:158,2
DA:159,3
DA:164,2
DA:166,2
DA:167,0
DA:171,2
DA:173,2
DA:174,0
DA:175,2
DA:177,2
DA:178,0
DA:183,2
DA:185,2
DA:186,0
DA:187,2
DA:188,2
DA:191,0
DA:196,2
DA:198,2
DA:199,4
DA:200,2
DA:202,10
DA:207,2
DA:209,2
DA:210,0
DA:211,2
DA:213,2
DA:214,10
DA:215,2
DA:216,2
DA:218,2
DA:220,2
DA:221,2
DA:232,1
DA:233,3
DA:234,1
DA:236,1
DA:238,1
DA:239,1
DA:240,1
DA:241,1
DA:244,1
DA:247,3
DA:248,1
DA:249,4
DA:251,0
DA:257,4
DA:260,1
DA:262,1
DA:264,3
DA:265,0
DA:266,0
DA:275,0
DA:276,0
DA:277,0
DA:279,0
DA:280,0
DA:281,0
DA:282,0
DA:283,0
DA:284,0
DA:287,0
DA:289,0
LF:110
LH:81
end_of_record
SF:lib/features/pet/presentation/widgets/pet_profile/pet_card/pet_health_info_card_widget.dart
DA:13,1
DA:15,1
DA:17,1
DA:18,2
DA:19,0
DA:20,0
DA:21,0
DA:24,1
DA:27,0
DA:28,0
DA:29,0
DA:32,0
DA:33,0
DA:39,0
DA:44,0
DA:50,1
DA:53,1
DA:56,1
DA:57,1
DA:59,2
DA:61,2
DA:63,1
DA:65,2
DA:67,2
DA:68,5
DA:70,1
DA:72,2
DA:74,0
DA:77,1
DA:79,2
DA:81,0
LF:31
LH:19
end_of_record
SF:lib/features/pet/presentation/widgets/pet_profile/pet_card/pet_health_onboarding_card_widget.dart
DA:10,1
DA:12,1
DA:14,1
DA:18,1
DA:19,1
DA:25,1
DA:30,1
LF:7
LH:7
end_of_record
SF:lib/features/pet/presentation/widgets/pet_profile/pet_park_header_widget.dart
DA:12,1
DA:20,1
DA:22,1
DA:24,1
DA:31,1
DA:33,1
DA:35,1
DA:37,1
DA:39,1
DA:40,2
DA:49,1
DA:50,3
DA:51,3
DA:53,1
DA:55,1
DA:56,0
DA:57,1
DA:62,1
DA:68,0
DA:69,0
DA:72,1
LF:21
LH:18
end_of_record
SF:lib/features/pet/presentation/widgets/pet_profile/pet_card/pet_weight_card_widget.dart
DA:16,1
DA:22,1
DA:24,1
DA:27,1
DA:29,1
DA:30,2
DA:31,1
DA:34,1
DA:37,1
DA:38,1
DA:40,1
DA:41,1
DA:43,2
DA:44,1
DA:49,1
DA:50,1
DA:52,2
LF:17
LH:17
end_of_record
SF:lib/features/pet/presentation/widgets/pet_health_diary/pet_diary_bottom_sheet/create_health_diary_section/birth_weight_section_widget.dart
DA:14,2
DA:22,2
DA:24,2
DA:26,2
DA:27,4
DA:29,2
DA:30,2
DA:31,2
DA:32,2
DA:33,2
DA:39,2
DA:40,4
DA:42,3
DA:46,2
DA:47,6
DA:48,2
LF:16
LH:16
end_of_record
SF:lib/features/pet/presentation/widgets/pet_health_diary/pet_diary_bottom_sheet/create_health_diary_section/health_diary_section_widget.dart
DA:12,2
DA:20,2
DA:22,2
DA:24,2
DA:25,2
DA:27,2
DA:28,8
DA:29,2
DA:30,2
DA:31,2
DA:36,4
DA:38,1
LF:12
LH:12
end_of_record
SF:lib/features/subscription/presentation/cubit/subscription_cubit.dart
DA:22,1
DA:29,1
DA:30,1
DA:33,1
DA:34,3
DA:35,1
DA:37,5
DA:38,1
DA:39,1
DA:40,1
DA:41,1
DA:46,1
DA:47,1
DA:48,5
DA:51,1
DA:52,2
DA:53,1
DA:54,1
DA:55,1
DA:58,1
DA:60,1
DA:61,2
DA:64,3
DA:65,1
DA:66,1
DA:69,1
DA:70,1
DA:73,2
DA:75,2
DA:81,2
DA:82,2
DA:84,3
DA:88,1
DA:90,2
DA:91,2
DA:92,1
LF:36
LH:36
end_of_record
SF:lib/features/subscription/presentation/cubit/subscription_state.dart
DA:10,2
DA:16,2
DA:17,2
DA:18,2
DA:19,2
DA:20,2
DA:21,2
DA:23,3
DA:26,1
DA:27,4
DA:30,1
DA:31,4
DA:34,3
DA:37,1
DA:38,4
DA:40,2
DA:41,8
LF:17
LH:17
end_of_record
SF:lib/features/subscription/data/subscription_repository.dart
DA:14,1
DA:17,1
DA:18,2
DA:19,1
DA:20,1
DA:21,1
DA:22,5
DA:27,1
DA:28,3
DA:29,1
DA:34,1
DA:36,1
DA:37,1
DA:38,1
DA:39,1
DA:40,1
DA:42,1
DA:43,3
DA:44,3
DA:46,1
DA:48,1
LF:21
LH:21
end_of_record
SF:lib/config/router/app_router.dart
DA:29,1
DA:30,4
DA:34,1
DA:41,1
DA:42,3
DA:44,1
DA:46,2
DA:47,1
DA:51,1
DA:52,1
DA:54,2
DA:55,1
DA:58,1
DA:59,1
DA:61,1
DA:63,1
DA:65,1
DA:67,1
DA:69,1
DA:71,1
DA:73,1
DA:75,1
DA:77,1
DA:79,1
DA:80,2
DA:81,1
DA:82,1
DA:84,1
DA:85,1
DA:86,1
DA:88,0
DA:89,0
DA:93,0
DA:97,1
DA:99,0
DA:100,0
DA:108,1
DA:110,0
DA:111,1
DA:112,1
DA:114,0
DA:118,1
DA:120,0
DA:127,0
LF:44
LH:35
end_of_record
SF:lib/config/router/route_guard.dart
DA:5,1
DA:10,1
DA:11,1
DA:12,1
DA:13,2
DA:16,1
DA:17,1
DA:21,1
DA:30,1
LF:9
LH:9
end_of_record
SF:lib/core/widgets/app_shell.dart
DA:9,1
DA:19,1
DA:20,2
DA:21,1
DA:24,1
DA:25,3
DA:26,2
DA:27,3
DA:29,2
DA:35,0
DA:36,0
DA:37,0
DA:39,0
DA:43,1
DA:45,1
DA:47,1
DA:48,4
DA:49,1
DA:50,1
DA:54,1
DA:55,2
DA:56,1
DA:57,1
DA:58,1
DA:59,1
DA:60,2
DA:61,1
DA:63,3
DA:69,1
DA:70,1
DA:71,1
DA:72,1
DA:74,0
LF:33
LH:28
end_of_record
SF:lib/core/widgets/error_screen.dart
DA:7,0
DA:9,1
DA:11,1
DA:12,1
DA:14,1
DA:17,1
DA:18,1
DA:20,3
DA:23,1
DA:25,4
DA:26,3
DA:31,1
DA:33,1
DA:34,2
DA:38,1
DA:39,3
LF:16
LH:15
end_of_record
SF:lib/features/auth/presentation/page/login_page.dart
DA:14,1
DA:16,1
DA:17,1
DA:26,1
DA:28,1
DA:29,3
DA:30,3
DA:31,3
DA:32,4
DA:36,1
DA:37,1
DA:39,1
DA:40,2
DA:43,2
DA:49,1
DA:50,4
DA:51,4
DA:52,5
DA:55,1
DA:57,3
DA:58,3
DA:59,2
DA:60,2
DA:61,1
DA:64,1
DA:65,3
DA:66,3
DA:67,3
DA:68,3
DA:72,1
DA:73,3
DA:76,1
DA:78,2
DA:79,1
DA:81,1
DA:82,1
DA:84,1
DA:85,1
DA:87,1
DA:89,1
DA:91,2
DA:92,1
DA:94,1
DA:95,1
DA:98,1
DA:99,1
DA:104,1
DA:105,1
DA:108,1
DA:109,1
DA:114,1
DA:115,1
DA:118,1
DA:119,1
DA:120,3
DA:121,1
DA:122,1
DA:125,0
DA:127,0
DA:131,1
DA:132,1
DA:133,3
DA:134,1
DA:135,1
DA:137,1
DA:138,1
DA:139,1
DA:149,1
DA:150,1
DA:153,1
DA:156,1
DA:158,1
DA:159,1
DA:160,1
DA:161,1
DA:173,1
DA:174,1
DA:175,0
DA:176,1
DA:177,1
DA:178,1
DA:179,1
DA:181,1
DA:183,2
LF:84
LH:81
end_of_record
SF:lib/features/auth/presentation/page/signup_page.dart
DA:14,1
DA:16,1
DA:17,1
DA:27,1
DA:29,1
DA:30,3
DA:31,3
DA:32,3
DA:35,1
DA:36,1
DA:38,1
DA:39,2
DA:42,2
DA:48,1
DA:49,1
DA:52,3
DA:58,1
DA:59,4
DA:60,4
DA:61,4
DA:62,5
DA:65,1
DA:67,3
DA:68,3
DA:69,3
DA:70,2
DA:71,2
DA:72,2
DA:73,1
DA:76,1
DA:77,3
DA:78,3
DA:79,3
DA:80,3
DA:84,1
DA:85,3
DA:88,1
DA:90,2
DA:91,1
DA:93,1
DA:94,1
DA:96,1
DA:97,1
DA:99,1
DA:101,1
DA:103,2
DA:104,1
DA:106,1
DA:107,1
DA:110,1
DA:111,1
DA:116,1
DA:117,1
DA:120,1
DA:121,1
DA:126,1
DA:127,1
DA:130,1
DA:131,1
DA:136,1
DA:137,1
DA:140,1
DA:141,1
DA:142,3
DA:143,1
DA:144,1
DA:147,0
DA:149,0
DA:153,1
DA:154,1
DA:155,3
DA:156,1
DA:157,1
DA:159,1
DA:160,1
DA:161,1
DA:171,1
DA:172,1
DA:175,1
DA:178,1
DA:180,1
DA:181,1
DA:182,1
DA:183,1
DA:193,1
DA:194,1
DA:195,0
DA:196,1
DA:197,1
DA:198,1
DA:199,1
DA:201,1
DA:203,2
LF:93
LH:90
end_of_record
SF:lib/features/journal/presentation/page/journal_page.dart
DA:11,1
DA:13,0
DA:15,0
DA:16,0
DA:17,0
DA:18,0
DA:22,0
DA:24,0
DA:26,0
DA:30,0
DA:31,0
LF:11
LH:1
end_of_record
SF:lib/features/onboarding/presentation/page/onboarding_page.dart
DA:9,1
DA:11,1
DA:13,2
DA:14,1
DA:16,1
DA:17,1
DA:22,1
DA:24,1
DA:26,1
DA:29,2
DA:31,1
DA:34,1
DA:35,1
DA:38,1
DA:40,2
DA:43,1
DA:44,0
DA:45,1
DA:47,2
LF:19
LH:18
end_of_record
SF:lib/features/onboarding/presentation/page/splash_page.dart
DA:6,1
DA:8,1
DA:10,1
DA:13,1
DA:14,1
DA:16,1
DA:17,1
DA:21,1
LF:8
LH:8
end_of_record
SF:lib/features/auth/presentation/widgets/sso_buttons_widget.dart
DA:13,1
DA:15,2
DA:17,1
DA:19,1
DA:20,1
DA:21,3
DA:22,1
DA:23,1
DA:24,1
DA:25,1
DA:26,1
DA:27,0
DA:31,0
DA:35,1
DA:37,3
DA:51,1
DA:56,1
DA:58,1
DA:59,1
DA:61,1
DA:62,1
DA:63,1
DA:68,1
DA:69,1
DA:74,1
DA:76,1
DA:77,1
DA:83,1
DA:84,1
DA:85,1
DA:87,2
LF:31
LH:29
end_of_record
SF:lib/features/journal/presentation/widgets/journal_switch_view_widget.dart
DA:8,1
DA:10,0
DA:12,0
DA:14,0
DA:16,0
DA:17,0
DA:19,0
DA:20,0
DA:21,0
DA:22,0
DA:28,0
DA:29,0
DA:32,0
DA:34,0
DA:36,0
DA:39,0
DA:40,0
LF:17
LH:1
end_of_record
SF:lib/features/journal/presentation/widgets/journal_timeline/journal_timeline_widget.dart
DA:13,0
DA:15,0
DA:17,0
DA:18,0
DA:20,0
DA:21,0
DA:22,0
DA:24,0
DA:29,0
DA:30,0
DA:31,0
DA:32,0
DA:33,0
DA:34,0
DA:35,0
DA:36,0
DA:37,0
DA:38,0
DA:42,0
DA:44,0
DA:45,0
DA:46,0
DA:47,0
DA:49,0
DA:50,0
DA:51,0
DA:52,0
DA:53,0
DA:56,0
DA:57,0
DA:58,0
LF:31
LH:0
end_of_record
