SF:lib/core/isar/cache/schemas/user_cache.dart
DA:18,4
DA:21,4
DA:22,4
DA:23,8
DA:24,8
DA:25,8
DA:26,8
DA:27,8
DA:28,2
DA:33,1
DA:34,1
DA:35,2
DA:36,2
DA:37,2
DA:38,3
DA:39,2
DA:43,1
DA:44,1
DA:45,1
DA:46,1
DA:47,1
DA:48,2
DA:49,1
DA:54,1
DA:56,1
DA:64,1
DA:66,1
DA:68,1
LF:28
LH:28
end_of_record
SF:lib/core/isar/cache/schemas/pet_cache.dart
DA:20,4
DA:23,3
DA:24,3
DA:25,6
DA:26,6
DA:27,6
DA:28,4
DA:30,6
DA:31,6
DA:32,6
DA:33,9
DA:37,1
DA:38,1
DA:39,2
DA:40,2
DA:41,2
DA:42,3
DA:43,2
DA:44,2
DA:45,2
DA:49,1
DA:50,1
DA:51,1
DA:52,1
DA:53,1
DA:54,2
DA:55,1
DA:56,1
DA:57,1
DA:62,1
DA:64,1
DA:66,0
DA:74,1
DA:76,1
DA:78,0
DA:80,0
LF:36
LH:33
end_of_record
SF:lib/core/isar/cache/schemas/event_cache.dart
DA:22,3
DA:25,2
DA:26,2
DA:27,4
DA:28,4
DA:29,4
DA:30,4
DA:31,4
DA:33,4
DA:34,4
DA:36,4
DA:40,1
DA:41,1
DA:42,2
DA:43,2
DA:44,2
DA:45,2
DA:46,2
DA:47,2
DA:51,1
DA:52,1
DA:53,1
DA:54,1
DA:55,1
DA:56,1
DA:57,1
DA:58,1
LF:27
LH:27
end_of_record
SF:lib/core/isar/cache/schemas/event_image_cache.dart
DA:18,3
DA:21,2
DA:22,2
DA:23,4
DA:24,4
DA:25,4
DA:29,1
DA:30,1
DA:31,2
DA:32,2
DA:33,2
DA:37,1
DA:38,1
DA:39,1
DA:40,1
DA:41,1
LF:16
LH:16
end_of_record
SF:lib/core/isar/cache/schemas/pet_event_cache.dart
DA:18,4
DA:20,2
DA:21,2
DA:22,2
DA:23,2
DA:27,4
DA:31,4
DA:32,4
DA:33,8
DA:34,4
LF:10
LH:10
end_of_record
SF:lib/core/isar/cache/schemas/health_diary_cache.dart
DA:22,3
DA:25,2
DA:26,2
DA:27,4
DA:28,4
DA:29,4
DA:30,4
DA:31,4
DA:32,2
DA:34,4
DA:35,2
DA:37,4
DA:41,1
DA:42,1
DA:43,2
DA:44,2
DA:45,2
DA:46,2
DA:47,2
DA:48,2
DA:49,2
DA:53,1
DA:54,1
DA:55,1
DA:56,1
DA:57,1
DA:58,1
DA:59,1
DA:60,1
DA:61,1
LF:30
LH:30
end_of_record
SF:lib/core/isar/cache/schemas/health_diary_vaccine_cache.dart
DA:26,3
DA:29,2
DA:30,2
DA:31,4
DA:32,4
DA:33,4
DA:34,4
DA:36,4
DA:37,4
DA:39,4
DA:40,4
DA:41,4
DA:42,4
DA:46,1
DA:47,1
DA:48,2
DA:49,2
DA:50,2
DA:51,2
DA:52,2
DA:53,2
DA:54,2
DA:55,2
DA:59,1
DA:60,1
DA:61,1
DA:62,1
DA:63,1
DA:64,1
DA:65,1
DA:66,1
DA:67,1
DA:68,1
DA:69,1
LF:34
LH:34
end_of_record
SF:lib/core/isar/cache/schemas/vet_visit_cache.dart
DA:24,3
DA:27,2
DA:28,2
DA:29,4
DA:30,4
DA:31,6
DA:32,4
DA:33,4
DA:34,4
DA:38,1
DA:39,1
DA:40,2
DA:41,2
DA:42,2
DA:43,2
DA:44,2
DA:45,2
DA:49,1
DA:50,1
DA:51,1
DA:52,1
DA:53,1
DA:54,1
DA:55,1
DA:56,1
LF:25
LH:25
end_of_record
SF:lib/core/isar/cache/schemas/weight_log_cache.dart
DA:21,3
DA:24,2
DA:25,2
DA:26,4
DA:27,6
DA:28,6
DA:29,4
DA:33,1
DA:34,1
DA:35,2
DA:36,2
DA:37,2
DA:38,2
DA:42,1
DA:43,1
DA:44,1
DA:45,1
DA:46,1
DA:47,1
LF:19
LH:19
end_of_record
SF:lib/features/event/data/models/event_model.dart
DA:9,14
DA:18,1
DA:19,1
DA:20,1
DA:21,1
DA:22,1
DA:23,1
DA:24,2
DA:26,1
DA:27,2
DA:29,1
DA:33,4
DA:34,2
DA:35,2
DA:36,2
DA:37,6
DA:38,6
DA:39,2
LF:18
LH:18
end_of_record
SF:lib/features/event/data/models/event_image_model.dart
DA:6,5
DA:12,1
DA:13,1
DA:14,1
DA:15,1
DA:16,1
DA:20,4
DA:21,2
DA:22,2
DA:23,2
LF:10
LH:10
end_of_record
SF:lib/features/health/data/models/health_diary_model.dart
DA:10,5
DA:20,1
DA:21,1
DA:22,1
DA:23,1
DA:24,1
DA:25,1
DA:26,1
DA:27,2
DA:29,1
DA:30,2
DA:32,1
DA:36,4
DA:37,2
DA:38,2
DA:39,2
DA:40,2
DA:41,3
DA:42,3
DA:43,2
LF:20
LH:20
end_of_record
SF:lib/features/health/data/models/health_diary_vaccine_model.dart
DA:11,6
DA:22,1
DA:23,1
DA:24,1
DA:25,1
DA:26,2
DA:27,2
DA:28,1
DA:29,1
DA:30,1
DA:31,1
DA:35,4
DA:36,2
DA:37,2
DA:38,4
DA:39,4
DA:40,2
DA:41,2
DA:42,2
DA:43,2
LF:20
LH:20
end_of_record
SF:lib/features/pet/data/models/pet_model.dart
DA:12,20
DA:22,1
DA:23,1
DA:24,1
DA:25,1
DA:26,2
DA:27,2
DA:28,2
DA:29,1
DA:30,1
DA:34,2
DA:35,2
DA:36,2
DA:37,2
DA:38,8
DA:39,4
DA:40,4
DA:41,2
DA:42,2
DA:47,1
DA:49,1
DA:51,1
DA:59,2
DA:61,2
DA:63,1
DA:65,1
LF:26
LH:26
end_of_record
SF:lib/features/auth/data/models/user_model.dart
DA:10,4
DA:18,1
DA:19,1
DA:20,1
DA:21,1
DA:22,1
DA:23,2
DA:24,3
DA:28,6
DA:30,2
DA:31,1
DA:32,1
DA:33,1
DA:34,2
DA:35,2
DA:39,1
DA:41,1
DA:43,1
DA:50,2
DA:52,2
DA:54,2
LF:21
LH:21
end_of_record
SF:lib/features/health/data/models/vet_visit_model.dart
DA:9,4
DA:18,1
DA:19,1
DA:20,1
DA:21,1
DA:22,2
DA:23,1
DA:24,1
DA:25,1
DA:29,4
DA:30,2
DA:31,2
DA:32,4
DA:33,2
DA:34,2
DA:35,2
LF:16
LH:16
end_of_record
SF:lib/features/health/data/models/health_diary_weight_log_model.dart
DA:7,5
DA:14,1
DA:15,1
DA:16,1
DA:17,2
DA:18,2
DA:19,1
DA:23,4
DA:24,2
DA:25,2
DA:26,4
DA:27,2
LF:12
LH:12
end_of_record
SF:lib/core/isar/cache/schemas/subscription_config_cache.dart
DA:19,3
DA:22,3
DA:23,3
DA:24,9
DA:25,6
DA:26,6
DA:27,6
DA:28,6
DA:32,2
DA:33,2
DA:34,4
DA:35,4
DA:36,4
DA:37,4
DA:38,4
DA:42,2
DA:43,2
DA:44,2
DA:45,2
DA:46,2
DA:47,2
DA:48,2
LF:22
LH:22
end_of_record
SF:lib/features/subscription/data/models/subscription_config_model.dart
DA:8,5
DA:16,1
DA:17,1
DA:18,2
DA:19,1
DA:20,1
DA:21,1
DA:22,1
DA:26,2
DA:27,1
DA:28,1
DA:29,1
DA:30,1
DA:31,1
LF:14
LH:14
end_of_record
SF:lib/core/isar/cache/schemas/event_type_cache.dart
DA:17,2
DA:20,1
DA:21,1
DA:22,2
DA:23,2
DA:24,2
DA:25,2
DA:29,1
DA:30,1
DA:31,2
DA:32,2
DA:33,2
DA:34,2
DA:38,1
DA:39,1
DA:40,1
DA:41,1
DA:42,1
DA:43,1
LF:19
LH:19
end_of_record
SF:lib/features/event/data/models/event_type_model.dart
DA:7,2
DA:14,2
DA:15,2
DA:16,2
DA:17,2
DA:18,2
DA:19,2
DA:23,2
DA:24,1
DA:25,1
DA:26,1
DA:27,1
LF:12
LH:12
end_of_record
SF:lib/core/isar/cache/schemas/notification_prefs_cache.dart
DA:19,2
DA:21,2
DA:25,2
DA:26,2
DA:27,4
DA:28,4
DA:29,4
DA:30,4
DA:31,4
DA:34,2
DA:35,2
DA:36,2
DA:37,2
DA:38,2
DA:39,2
DA:40,2
LF:16
LH:16
end_of_record
SF:lib/features/settings/data/models/notification_prefs_model.dart
DA:10,5
DA:20,2
DA:27,2
DA:28,2
DA:29,1
DA:30,1
DA:31,2
DA:32,2
DA:36,3
DA:37,3
DA:38,3
DA:39,3
DA:40,3
DA:41,3
DA:42,3
LF:15
LH:15
end_of_record
SF:lib/core/isar/cache/schemas/pet_species_cache.dart
DA:18,2
DA:21,1
DA:22,1
DA:23,2
DA:24,2
DA:25,2
DA:26,2
DA:30,1
DA:31,1
DA:32,2
DA:33,2
DA:34,3
DA:35,2
DA:39,1
DA:40,1
DA:41,1
DA:42,1
DA:43,2
DA:44,1
LF:19
LH:19
end_of_record
SF:lib/core/utils/weight_formatter.dart
DA:5,1
DA:6,3
DA:9,1
DA:10,3
DA:11,1
DA:15,2
DA:17,2
LF:7
LH:7
end_of_record
SF:lib/data/models/referential/pet_species_model.dart
DA:11,2
DA:18,2
DA:19,2
DA:20,2
DA:21,2
DA:22,4
DA:23,2
DA:27,2
DA:28,1
DA:29,1
DA:30,2
DA:31,1
DA:35,1
DA:37,1
DA:39,1
LF:15
LH:15
end_of_record
SF:lib/core/isar/database/sync_service.dart
DA:23,1
DA:26,1
DA:27,5
DA:31,1
DA:32,2
DA:33,1
DA:34,1
DA:35,1
DA:36,1
DA:37,1
DA:38,1
DA:39,1
DA:40,1
DA:44,1
DA:45,3
DA:46,2
DA:50,1
DA:52,4
DA:53,3
DA:56,5
DA:58,1
DA:59,3
DA:60,3
DA:63,1
DA:67,1
DA:69,3
DA:70,4
DA:71,3
DA:72,3
DA:75,1
DA:79,1
DA:81,3
DA:82,4
DA:83,3
DA:84,3
DA:85,3
DA:88,1
DA:92,1
DA:94,3
DA:95,4
DA:96,3
DA:97,3
DA:98,3
DA:101,1
DA:105,1
DA:107,3
DA:108,4
DA:109,3
DA:110,3
DA:111,3
DA:114,1
DA:118,1
DA:120,3
DA:121,4
DA:122,3
DA:123,3
DA:124,3
DA:127,1
DA:131,1
DA:133,3
DA:134,4
DA:135,3
DA:136,3
DA:137,3
DA:140,1
DA:144,1
DA:146,3
DA:147,4
DA:148,3
DA:149,3
DA:150,3
DA:153,1
DA:157,1
DA:159,3
DA:160,4
DA:161,3
DA:162,3
DA:163,3
DA:166,1
DA:170,1
DA:172,3
DA:173,4
DA:174,3
DA:175,3
DA:176,3
DA:179,1
DA:183,1
DA:185,3
DA:186,4
DA:187,3
DA:188,4
DA:189,3
DA:190,3
DA:191,3
DA:192,3
DA:193,3
DA:196,1
LF:97
LH:97
end_of_record
SF:lib/core/utils/date_formatter.dart
DA:28,2
DA:29,2
DA:30,6
DA:31,6
DA:32,4
DA:36,9
DA:37,27
DA:38,27
DA:39,18
DA:43,3
DA:44,3
DA:45,9
DA:46,9
DA:47,3
DA:51,2
DA:52,2
DA:53,8
DA:54,4
DA:58,2
DA:59,2
DA:60,6
DA:61,6
DA:65,5
DA:66,5
DA:67,15
DA:68,15
DA:69,15
DA:70,15
DA:71,5
DA:74,2
DA:75,1
DA:76,6
DA:77,6
DA:78,6
DA:79,2
DA:80,0
DA:81,0
DA:84,2
DA:85,1
DA:86,2
DA:88,4
DA:92,2
DA:93,1
DA:94,6
DA:95,6
DA:96,6
DA:97,2
DA:98,0
DA:99,0
DA:102,3
DA:104,4
DA:105,2
DA:106,4
DA:107,2
DA:110,2
DA:111,2
DA:112,8
LF:57
LH:53
end_of_record
SF:lib/core/errors/repository_exception.dart
DA:7,7
DA:9,2
DA:10,2
DA:14,2
DA:18,7
DA:28,6
DA:35,6
DA:36,6
DA:42,6
DA:44,6
DA:45,4
DA:48,6
DA:49,2
DA:52,6
DA:55,2
DA:56,2
DA:57,2
DA:59,2
DA:61,2
DA:63,2
DA:65,2
DA:67,2
DA:69,2
DA:70,2
DA:76,1
DA:77,1
DA:78,1
DA:80,1
DA:82,1
DA:84,1
LF:30
LH:30
end_of_record
SF:lib/core/widgets/error_screen.dart
DA:7,1
DA:9,1
DA:11,1
DA:12,1
DA:14,1
DA:17,1
DA:18,1
DA:20,3
DA:23,1
DA:25,4
DA:26,3
DA:31,1
DA:33,1
DA:34,2
DA:38,1
DA:39,3
LF:16
LH:16
end_of_record
SF:lib/core/widgets/error_banner_widget.dart
DA:8,1
DA:10,1
DA:12,1
DA:15,1
DA:16,1
DA:17,1
DA:18,2
DA:20,1
DA:22,1
DA:23,2
DA:25,1
DA:26,1
DA:27,1
DA:28,1
DA:29,1
DA:30,1
DA:31,2
LF:17
LH:17
end_of_record
SF:lib/core/widgets/app_icon_widget.dart
DA:35,3
DA:42,3
DA:44,3
DA:45,6
DA:46,3
DA:47,3
DA:48,6
LF:7
LH:7
end_of_record
SF:lib/core/widgets/keyboard_dismiss_wrapper.dart
DA:8,1
DA:10,1
DA:12,4
DA:13,1
DA:15,1
DA:16,1
DA:18,1
DA:19,1
DA:21,4
LF:9
LH:9
end_of_record
SF:lib/core/widgets/pet_avatar_widget.dart
DA:18,8
DA:24,8
DA:26,8
DA:27,8
DA:28,16
LF:5
LH:5
end_of_record
SF:lib/core/widgets/species_icon_widget.dart
DA:9,12
DA:17,12
DA:21,48
DA:22,12
DA:23,24
DA:24,12
DA:26,12
LF:7
LH:7
end_of_record
SF:lib/core/widgets/chip_widget.dart
DA:14,2
DA:23,2
DA:28,2
DA:30,2
DA:31,2
DA:32,2
DA:33,2
DA:34,2
DA:35,2
DA:40,2
DA:41,2
DA:42,2
DA:44,2
DA:46,2
DA:47,3
DA:48,2
DA:51,2
DA:52,2
DA:54,4
DA:56,4
DA:58,4
LF:21
LH:21
end_of_record
SF:lib/config/theme/app_text_styles.dart
DA:9,3
DA:15,42
DA:21,30
DA:28,48
DA:34,27
DA:40,27
DA:46,33
DA:52,9
DA:60,3
DA:66,18
LF:10
LH:10
end_of_record
SF:lib/core/widgets/bottom_bar_widget/bottom_bar_menu_widget.dart
DA:14,2
DA:22,2
DA:24,2
DA:25,2
DA:26,2
DA:27,2
DA:30,2
DA:31,2
DA:34,2
DA:43,2
DA:46,2
DA:48,2
DA:49,4
DA:52,2
DA:54,2
DA:55,2
DA:58,2
DA:61,2
DA:64,2
DA:67,2
DA:70,2
DA:87,2
DA:93,2
DA:95,2
DA:96,2
DA:98,2
DA:99,2
DA:100,2
DA:101,2
DA:102,2
DA:103,4
DA:109,2
DA:112,2
DA:114,2
DA:115,4
DA:118,2
DA:120,2
DA:121,2
LF:38
LH:38
end_of_record
SF:lib/core/widgets/bottom_bar_widget/bottom_bar_widget.dart
DA:14,2
DA:28,2
DA:30,2
DA:32,2
DA:39,2
DA:41,2
DA:43,2
DA:45,2
DA:46,2
DA:49,6
DA:51,4
DA:60,2
DA:62,2
DA:64,2
DA:65,6
DA:66,2
DA:67,2
DA:68,4
DA:69,3
DA:77,2
DA:78,2
DA:79,2
DA:93,2
DA:94,2
DA:117,2
DA:123,2
DA:125,2
DA:129,2
DA:130,2
DA:135,2
DA:136,2
DA:137,2
DA:142,2
DA:143,2
DA:154,2
DA:155,2
DA:156,2
DA:163,2
DA:164,2
LF:39
LH:39
end_of_record
SF:lib/data/repositories/referential_repository.dart
DA:15,1
DA:18,1
DA:20,3
DA:21,4
DA:22,1
DA:25,1
DA:26,1
DA:27,2
DA:31,1
DA:32,1
DA:34,2
DA:35,2
DA:36,2
DA:37,2
DA:42,1
DA:43,1
DA:45,3
DA:46,4
DA:50,1
DA:52,5
DA:54,4
DA:56,2
DA:61,1
DA:63,4
DA:64,4
DA:65,1
DA:68,1
DA:69,1
DA:70,2
DA:74,1
DA:75,1
DA:77,2
DA:78,2
DA:79,2
DA:80,2
DA:85,1
DA:86,1
DA:88,4
DA:89,4
DA:93,1
DA:97,5
DA:99,4
DA:101,2
LF:43
LH:43
end_of_record
SF:lib/features/event/data/event_repository.dart
DA:17,1
DA:19,1
DA:21,4
DA:22,5
DA:24,7
DA:27,1
DA:28,3
DA:29,1
DA:32,1
DA:34,2
DA:35,1
DA:36,2
DA:37,3
DA:41,1
DA:47,3
DA:48,4
DA:49,4
DA:50,3
DA:56,1
DA:58,6
DA:60,1
DA:66,3
DA:67,4
DA:71,1
DA:73,4
DA:75,1
DA:81,3
DA:82,3
DA:83,5
DA:84,5
DA:88,1
DA:89,6
DA:90,1
DA:91,2
DA:92,6
DA:98,1
DA:100,5
DA:101,4
DA:104,1
DA:106,5
DA:107,4
DA:108,1
DA:110,1
DA:111,1
DA:114,2
DA:115,1
DA:116,1
DA:117,1
DA:118,1
DA:119,1
DA:121,1
DA:122,4
DA:123,2
DA:127,1
DA:133,3
DA:135,4
DA:136,3
DA:137,1
DA:138,1
DA:139,3
DA:141,4
DA:142,1
DA:143,1
DA:148,0
DA:149,0
DA:155,1
DA:156,6
DA:157,1
DA:158,2
DA:159,6
DA:165,1
DA:166,2
DA:167,1
DA:168,1
DA:169,1
DA:170,6
DA:173,1
DA:175,2
DA:177,1
DA:183,3
DA:184,4
DA:189,1
DA:190,1
DA:191,2
DA:192,6
DA:193,2
DA:196,4
DA:198,1
DA:207,1
DA:209,4
DA:210,5
DA:212,1
DA:218,3
DA:219,3
DA:223,1
DA:224,4
DA:234,1
DA:236,3
DA:237,1
DA:238,0
LF:100
LH:97
end_of_record
SF:lib/features/journal/presentation/cubit/journal_cubit.dart
DA:24,5
DA:31,5
DA:32,25
DA:33,25
DA:34,25
DA:35,5
DA:38,5
DA:39,15
DA:42,5
DA:43,15
DA:46,5
DA:47,15
DA:50,5
DA:51,10
DA:52,15
DA:55,10
DA:56,10
DA:57,15
DA:59,5
DA:60,20
DA:64,3
DA:71,2
DA:72,6
DA:73,4
DA:74,6
DA:77,2
DA:78,6
DA:79,4
DA:80,6
DA:83,1
DA:84,3
DA:90,1
DA:91,3
DA:94,2
DA:95,6
DA:96,2
DA:105,1
DA:106,2
DA:107,2
DA:110,2
DA:111,2
DA:113,2
DA:118,2
DA:120,4
DA:122,2
DA:123,2
DA:129,5
DA:131,10
DA:132,10
DA:133,10
DA:134,5
LF:51
LH:51
end_of_record
SF:lib/features/journal/presentation/cubit/journal_state.dart
DA:21,6
DA:36,1
DA:37,4
DA:39,6
DA:41,3
DA:42,9
DA:43,6
DA:44,6
DA:47,6
DA:48,3
DA:49,3
DA:52,3
DA:55,2
DA:56,2
DA:57,4
DA:58,2
DA:61,2
DA:62,8
DA:67,1
DA:69,5
DA:70,1
DA:71,3
DA:76,2
DA:78,6
DA:79,6
DA:80,2
DA:87,2
DA:88,6
DA:91,2
DA:92,6
DA:95,0
DA:96,0
DA:97,0
DA:100,2
DA:101,2
DA:102,8
DA:105,5
DA:120,5
DA:121,5
DA:122,5
DA:123,5
DA:124,5
DA:125,5
DA:126,5
DA:127,5
DA:128,5
DA:129,5
DA:130,5
DA:133,5
DA:134,5
DA:138,5
DA:139,5
DA:140,5
DA:141,5
DA:142,5
DA:143,5
DA:144,5
DA:145,5
DA:146,5
DA:147,5
DA:148,5
DA:149,5
DA:150,5
DA:151,5
LF:64
LH:61
end_of_record
SF:lib/features/pet/data/pet_repository.dart
DA:13,1
DA:21,1
DA:22,2
DA:23,1
DA:24,1
DA:25,1
DA:26,6
DA:29,1
DA:30,5
DA:31,4
DA:34,1
DA:35,3
DA:36,1
DA:39,1
DA:40,4
DA:47,2
DA:48,2
DA:49,2
DA:51,1
DA:55,3
DA:56,4
DA:60,1
DA:65,3
DA:66,1
DA:67,2
DA:72,1
DA:73,1
DA:75,1
DA:78,2
DA:79,1
DA:85,3
DA:90,1
DA:92,6
DA:94,1
DA:101,3
DA:102,4
DA:106,1
DA:108,4
DA:110,1
DA:117,3
DA:118,3
LF:41
LH:41
end_of_record
SF:lib/data/models/referential/pet_race_model.dart
DA:6,2
DA:12,2
DA:13,2
DA:14,2
DA:15,2
DA:16,2
DA:20,2
DA:21,1
DA:22,1
DA:23,1
LF:10
LH:10
end_of_record
SF:lib/features/health/data/models/recommended_vaccines_model.dart
DA:6,2
DA:12,2
DA:13,2
DA:14,2
DA:15,2
DA:16,4
LF:6
LH:6
end_of_record
SF:lib/features/journal/presentation/widgets/journal_timeline/journal_timeline_event_card_widget.dart
DA:21,2
DA:31,2
DA:33,4
DA:35,2
DA:36,2
DA:38,2
DA:40,2
DA:41,8
DA:42,4
DA:43,5
DA:45,1
DA:46,2
DA:47,1
DA:52,5
DA:54,2
DA:61,2
DA:62,2
DA:63,2
DA:64,2
DA:68,4
DA:69,2
DA:70,0
DA:71,0
DA:72,0
DA:74,2
DA:76,2
DA:77,2
DA:79,2
DA:80,2
DA:82,2
DA:83,2
DA:84,2
DA:86,2
DA:87,2
DA:101,1
DA:105,1
DA:107,1
DA:109,1
DA:110,1
DA:111,4
DA:112,1
DA:113,2
DA:114,1
DA:117,1
DA:118,1
DA:119,1
DA:120,1
DA:122,1
DA:123,1
DA:124,1
DA:125,1
DA:129,1
DA:130,2
DA:135,3
LF:54
LH:51
end_of_record
SF:lib/features/journal/presentation/widgets/journal_timeline/event_polaroid_collage_widget.dart
DA:13,2
DA:35,0
DA:37,0
DA:39,0
DA:40,0
DA:42,0
DA:46,0
DA:47,0
DA:50,0
DA:51,0
DA:52,0
DA:53,0
DA:60,0
DA:62,0
DA:63,0
DA:66,0
DA:68,0
DA:69,0
DA:70,0
DA:71,0
DA:73,0
DA:76,0
DA:77,0
DA:78,0
DA:80,0
DA:85,0
DA:86,0
DA:87,0
DA:88,0
DA:89,0
DA:91,0
DA:92,0
DA:93,0
DA:94,0
DA:95,0
DA:96,0
DA:97,0
DA:98,0
DA:99,0
DA:108,0
DA:112,0
DA:114,0
DA:116,0
DA:117,0
DA:126,0
DA:129,0
DA:130,0
DA:131,0
DA:133,0
DA:145,0
DA:147,0
DA:149,0
DA:150,0
DA:151,0
DA:152,0
DA:153,0
DA:155,0
DA:156,0
DA:158,0
DA:159,0
DA:160,0
DA:162,0
DA:163,0
DA:169,0
DA:170,0
DA:173,0
LF:66
LH:1
end_of_record
SF:lib/features/auth/presentation/cubit/auth_state.dart
DA:10,2
DA:16,2
DA:17,2
DA:18,0
DA:20,1
DA:26,1
DA:27,1
DA:28,1
DA:29,1
DA:33,6
DA:34,6
DA:35,3
DA:37,2
DA:38,8
LF:14
LH:13
end_of_record
SF:lib/features/auth/presentation/cubit/auth_cubit.dart
DA:16,1
DA:21,1
DA:22,1
DA:25,1
DA:27,5
DA:28,1
DA:31,4
DA:35,2
DA:37,2
DA:39,3
DA:46,2
DA:48,3
DA:57,1
DA:58,3
DA:60,2
DA:62,3
DA:64,1
DA:70,1
DA:71,3
DA:73,2
DA:75,3
DA:77,1
DA:83,1
DA:84,3
DA:86,2
DA:88,3
DA:90,1
DA:96,1
DA:97,3
DA:99,2
DA:101,3
DA:103,1
DA:109,1
DA:110,3
DA:112,2
DA:114,2
DA:118,1
DA:119,2
DA:123,1
DA:124,2
DA:125,3
DA:141,1
DA:142,1
DA:143,2
DA:144,1
DA:146,1
DA:147,1
DA:148,1
DA:150,0
DA:153,1
DA:155,2
DA:156,1
LF:52
LH:51
end_of_record
SF:lib/features/journal/presentation/widgets/journal_empty_state_widget.dart
DA:9,1
DA:11,2
DA:13,2
DA:14,2
DA:16,2
DA:19,4
LF:6
LH:6
end_of_record
SF:lib/features/journal/presentation/widgets/journal_timeline/journal_timeline_widget.dart
DA:15,1
DA:17,1
DA:19,2
DA:21,1
DA:22,1
DA:25,1
DA:27,1
DA:28,3
DA:29,1
DA:30,1
DA:31,0
DA:32,0
DA:33,0
DA:37,1
DA:38,3
DA:39,1
DA:44,1
DA:45,1
DA:46,1
DA:47,1
DA:49,4
DA:50,2
DA:51,1
DA:52,1
DA:53,0
DA:56,0
LF:26
LH:21
end_of_record
SF:lib/core/widgets/bottom_sheet_widget.dart
DA:13,13
DA:21,11
DA:22,11
DA:29,11
DA:33,13
DA:35,13
DA:38,13
DA:39,39
DA:41,13
DA:42,23
DA:44,10
DA:49,13
DA:50,13
DA:54,52
DA:56,22
LF:15
LH:15
end_of_record
SF:lib/core/widgets/button_widget.dart
DA:22,13
DA:34,13
DA:35,13
DA:41,13
DA:43,13
DA:45,26
DA:50,26
DA:51,13
DA:53,10
DA:57,7
DA:61,7
DA:67,5
DA:69,5
DA:73,3
DA:77,1
DA:83,4
DA:85,4
DA:89,0
DA:93,0
DA:100,13
DA:101,65
DA:103,44
DA:104,44
DA:105,0
DA:106,13
DA:107,26
DA:109,13
DA:110,13
DA:113,13
DA:114,26
DA:117,65
DA:119,26
DA:120,13
DA:122,26
DA:125,13
DA:126,26
DA:127,1
DA:130,1
DA:132,1
DA:135,13
DA:144,13
DA:145,26
DA:146,13
DA:147,0
DA:148,13
DA:149,3
DA:151,3
DA:152,9
DA:153,3
DA:154,6
DA:156,3
DA:157,3
DA:158,3
DA:159,3
DA:163,13
DA:164,2
DA:166,2
DA:167,2
DA:168,4
DA:170,2
DA:171,2
DA:172,2
DA:173,2
DA:175,6
DA:178,13
DA:179,0
DA:180,13
DA:181,26
DA:183,13
DA:184,13
DA:185,13
DA:186,13
LF:72
LH:67
end_of_record
SF:lib/features/auth/data/auth_repository.dart
DA:21,1
DA:30,1
DA:32,3
DA:33,1
DA:36,1
DA:44,1
DA:46,3
DA:49,1
DA:51,1
DA:52,1
DA:55,1
DA:63,1
DA:65,1
DA:69,1
DA:70,1
DA:75,1
DA:76,1
DA:77,2
DA:78,1
DA:79,1
DA:81,1
DA:87,2
DA:88,3
DA:89,3
DA:92,1
DA:100,1
DA:101,2
DA:107,3
DA:108,3
DA:109,2
DA:110,1
DA:111,1
DA:114,0
DA:115,0
DA:119,0
DA:124,1
DA:125,0
DA:129,1
DA:131,1
DA:134,1
DA:142,1
DA:144,3
DA:145,3
DA:146,1
DA:147,1
DA:153,0
DA:157,0
DA:162,1
DA:163,0
DA:167,1
DA:169,1
DA:172,1
DA:180,1
DA:181,3
DA:184,1
DA:186,2
DA:188,1
DA:195,3
DA:200,0
DA:203,5
DA:206,5
DA:215,1
DA:216,1
DA:217,1
DA:219,2
DA:220,1
DA:221,1
DA:222,1
DA:223,5
DA:227,1
DA:228,1
DA:231,3
DA:232,1
DA:235,5
DA:236,1
DA:237,3
DA:238,3
DA:240,1
LF:78
LH:70
end_of_record
SF:lib/features/journal/presentation/widgets/journal_event_detail/journal_event_detail_bottom_sheet_widget.dart
DA:19,3
DA:25,3
DA:30,3
DA:31,3
DA:33,3
DA:35,3
DA:36,3
DA:43,3
DA:44,3
DA:50,3
DA:52,3
DA:53,3
DA:54,24
DA:58,12
DA:59,12
DA:60,18
DA:61,3
DA:63,3
DA:64,3
DA:66,3
DA:67,3
DA:68,1
DA:69,2
DA:70,3
DA:72,2
DA:74,3
DA:75,3
DA:76,3
DA:77,3
DA:78,6
DA:82,3
DA:83,0
DA:85,0
DA:87,0
DA:88,0
DA:89,0
DA:90,0
DA:91,0
DA:97,11
DA:98,6
DA:101,5
DA:102,2
DA:104,4
DA:107,2
DA:110,2
DA:111,2
DA:112,2
DA:117,2
DA:119,2
DA:120,2
DA:122,2
DA:124,2
DA:125,8
DA:126,8
DA:129,6
DA:142,1
DA:143,1
DA:144,1
DA:145,1
DA:147,1
DA:149,2
DA:151,2
DA:152,1
DA:154,1
DA:156,1
DA:157,1
DA:158,3
DA:159,1
DA:161,2
DA:164,1
DA:165,3
DA:166,1
DA:168,2
DA:175,1
DA:177,3
DA:178,3
DA:179,1
DA:182,3
DA:184,1
DA:185,3
DA:189,1
DA:198,3
DA:204,3
DA:206,3
DA:207,3
DA:208,3
DA:209,3
DA:213,3
DA:214,3
DA:218,3
DA:219,3
DA:223,3
DA:224,3
DA:236,0
DA:238,0
DA:240,0
DA:241,0
DA:242,0
DA:243,0
DA:246,0
DA:247,0
DA:248,0
DA:249,0
DA:250,0
DA:252,0
DA:253,0
DA:255,0
DA:256,0
DA:257,0
DA:261,0
DA:262,0
DA:269,0
DA:270,0
DA:275,0
LF:114
LH:86
end_of_record
SF:lib/features/journal/presentation/widgets/journal_filter/journal_filter_list_widget.dart
DA:11,1
DA:13,1
DA:15,1
DA:17,8
DA:18,8
DA:20,1
DA:23,1
DA:25,1
DA:26,2
DA:27,1
DA:28,1
DA:31,3
DA:35,2
DA:36,1
DA:37,1
DA:40,0
DA:44,1
DA:47,0
LF:18
LH:16
end_of_record
SF:lib/features/journal/presentation/widgets/journal_filter/journal_filter_bottom_sheet_widget.dart
DA:12,1
DA:14,0
DA:15,0
DA:16,0
DA:18,0
DA:25,0
DA:27,0
DA:28,0
DA:29,0
DA:31,0
DA:34,0
DA:35,0
DA:37,0
DA:38,0
DA:39,0
DA:41,0
DA:42,0
DA:47,0
DA:48,0
DA:49,0
DA:50,0
DA:51,0
DA:52,0
DA:55,0
DA:57,0
DA:58,0
DA:59,0
DA:60,0
DA:61,0
DA:63,0
DA:64,0
DA:65,0
DA:68,0
DA:70,0
DA:73,0
DA:74,0
DA:76,0
DA:82,0
DA:88,0
DA:89,0
DA:90,0
DA:91,0
DA:93,0
LF:43
LH:1
end_of_record
SF:lib/features/pet/presentation/widgets/pet_picker_widget.dart
DA:14,2
DA:22,2
DA:29,2
DA:33,2
DA:38,1
DA:45,1
DA:54,2
DA:56,2
DA:59,2
DA:60,2
DA:61,2
DA:62,4
DA:63,6
DA:64,6
DA:65,8
DA:77,2
DA:84,2
DA:86,2
DA:87,2
DA:88,2
DA:89,2
DA:93,2
DA:94,2
DA:97,2
DA:98,2
DA:99,2
DA:103,2
DA:105,4
LF:28
LH:28
end_of_record
SF:lib/features/journal/presentation/widgets/journal_calendar/calendar_widget/calendar_day_cell_widget.dart
DA:13,1
DA:21,1
DA:23,1
DA:24,1
DA:26,1
DA:31,1
DA:32,1
DA:33,1
DA:34,2
DA:35,1
DA:38,1
DA:40,1
DA:41,1
DA:42,1
DA:44,1
DA:46,1
DA:49,1
DA:51,1
DA:55,1
DA:56,1
DA:58,1
DA:61,1
DA:62,2
DA:65,1
DA:66,1
DA:70,1
DA:72,1
DA:74,1
DA:75,3
DA:76,2
DA:81,1
DA:82,3
DA:83,2
LF:33
LH:33
end_of_record
SF:lib/features/journal/presentation/widgets/journal_calendar/journal_calendar_widget.dart
DA:18,1
DA:24,1
DA:25,1
DA:36,1
DA:38,1
DA:39,3
DA:42,1
DA:44,1
DA:45,2
DA:46,1
DA:47,1
DA:50,1
DA:51,2
DA:52,4
DA:53,1
DA:54,2
DA:56,2
DA:57,2
DA:58,2
DA:62,1
DA:64,1
DA:65,6
DA:66,0
DA:70,1
DA:71,3
DA:74,1
DA:75,8
DA:76,1
DA:77,1
DA:80,1
DA:81,3
DA:82,3
DA:85,1
DA:87,4
DA:91,3
DA:92,1
DA:93,1
DA:94,3
DA:95,1
DA:96,6
DA:98,2
DA:100,1
DA:101,1
DA:107,2
DA:108,1
DA:109,1
DA:110,2
DA:114,1
DA:115,1
DA:116,2
DA:118,2
DA:124,1
DA:125,2
DA:126,1
DA:130,1
DA:132,1
DA:135,0
DA:136,0
DA:145,1
DA:147,1
DA:149,1
DA:151,1
DA:152,1
DA:154,2
LF:64
LH:61
end_of_record
SF:lib/features/journal/presentation/widgets/journal_calendar/calendar_widget/calendar_month_section_widget.dart
DA:14,1
DA:22,1
DA:24,5
DA:25,7
DA:26,2
DA:27,1
DA:28,3
DA:29,1
DA:31,1
DA:33,1
DA:34,1
DA:35,1
DA:36,2
DA:37,1
DA:41,1
DA:49,1
DA:50,2
DA:51,2
DA:55,5
DA:56,1
DA:58,2
DA:59,3
DA:60,5
LF:23
LH:23
end_of_record
SF:lib/features/journal/presentation/widgets/journal_calendar/journal_day_events_bottom_sheet_widget.dart
DA:16,1
DA:21,1
DA:25,1
DA:26,1
DA:28,1
DA:30,1
DA:35,1
DA:37,2
DA:39,1
DA:40,1
DA:41,1
DA:43,1
DA:44,1
DA:46,1
DA:47,1
DA:48,0
DA:51,0
DA:54,2
DA:55,1
DA:57,2
DA:58,3
DA:60,2
DA:68,1
DA:69,2
DA:70,1
DA:71,1
DA:72,1
DA:73,4
DA:74,5
DA:75,1
DA:76,1
DA:77,1
DA:87,1
DA:93,1
DA:95,2
DA:97,1
DA:99,1
DA:100,1
DA:101,1
DA:102,1
DA:103,1
DA:108,1
DA:109,1
DA:110,1
DA:112,1
DA:113,1
DA:114,3
DA:115,2
DA:118,1
DA:119,1
DA:121,1
DA:122,4
DA:123,1
DA:125,1
DA:126,1
DA:127,2
DA:135,1
DA:136,1
DA:151,1
DA:153,1
DA:155,1
DA:156,5
DA:158,1
DA:159,1
DA:160,4
DA:161,1
DA:162,1
DA:163,1
DA:171,3
LF:69
LH:67
end_of_record
SF:lib/features/journal/presentation/widgets/journal_switch_view_widget.dart
DA:12,1
DA:18,1
DA:20,1
DA:22,1
DA:24,1
DA:25,1
DA:27,1
DA:28,1
DA:29,1
DA:30,1
DA:35,1
DA:36,1
DA:46,1
DA:50,2
DA:52,1
DA:54,1
DA:55,1
DA:56,1
DA:57,3
DA:58,1
DA:61,1
DA:63,3
LF:22
LH:22
end_of_record
SF:lib/features/settings/data/settings_repository.dart
DA:10,1
DA:12,5
DA:14,1
DA:15,1
DA:16,1
DA:18,2
DA:19,1
DA:20,1
DA:21,1
DA:22,2
DA:23,3
DA:26,1
DA:27,1
DA:30,1
DA:31,3
DA:32,3
LF:16
LH:16
end_of_record
SF:lib/features/settings/presentation/cubit/settings_cubit.dart
DA:19,1
DA:24,1
DA:26,1
DA:27,1
DA:28,1
DA:30,5
DA:31,3
DA:33,5
DA:34,3
DA:38,1
DA:39,1
DA:40,1
DA:43,2
DA:46,4
DA:51,1
DA:52,3
DA:54,2
DA:56,4
DA:60,1
DA:61,3
DA:63,2
DA:65,4
DA:69,1
DA:70,2
DA:71,3
DA:75,1
DA:76,2
DA:80,1
DA:82,2
DA:83,2
DA:84,1
LF:31
LH:31
end_of_record
SF:lib/features/settings/presentation/cubit/settings_state.dart
DA:12,2
DA:20,1
DA:28,1
DA:29,1
DA:30,1
DA:31,1
DA:32,1
DA:33,1
DA:37,1
DA:38,6
LF:10
LH:10
end_of_record
SF:lib/core/utils/vaccine_status.dart
DA:4,3
DA:5,2
DA:6,6
DA:7,3
DA:8,2
LF:5
LH:5
end_of_record
SF:lib/features/home/presentation/cubit/home_state.dart
DA:23,3
DA:36,1
DA:37,0
DA:38,1
DA:39,3
DA:40,2
DA:42,2
DA:43,1
DA:47,1
DA:49,4
DA:55,3
DA:56,0
DA:58,5
DA:59,4
DA:61,12
DA:62,6
DA:63,5
DA:71,2
DA:72,0
DA:73,10
DA:77,6
DA:79,3
DA:80,12
DA:82,2
DA:84,4
DA:85,4
DA:91,3
DA:92,3
DA:93,3
DA:94,3
DA:95,6
DA:98,6
DA:99,4
DA:102,7
DA:107,1
DA:108,1
DA:109,4
DA:110,2
DA:111,2
DA:112,1
DA:113,2
DA:114,5
DA:119,2
DA:130,2
DA:131,2
DA:132,2
DA:133,2
DA:134,2
DA:135,2
DA:136,2
DA:137,2
DA:138,2
DA:139,2
DA:143,2
DA:144,2
DA:145,2
DA:146,2
DA:147,2
DA:148,2
DA:149,2
DA:150,2
DA:151,2
DA:152,2
DA:153,2
LF:64
LH:61
end_of_record
SF:lib/features/home/presentation/cubit/home_cubit.dart
DA:34,2
DA:45,2
DA:46,10
DA:47,2
DA:48,8
DA:49,2
DA:50,8
DA:51,2
DA:52,8
DA:53,2
DA:54,8
DA:55,2
DA:56,8
DA:57,2
DA:58,8
DA:59,2
DA:63,2
DA:64,6
DA:67,2
DA:68,6
DA:71,2
DA:72,6
DA:75,2
DA:76,6
DA:79,2
DA:80,6
DA:83,2
DA:84,6
DA:87,2
DA:88,2
DA:89,1
DA:90,3
DA:94,2
DA:96,4
DA:97,2
DA:98,6
DA:99,2
DA:100,8
DA:112,0
DA:113,0
DA:114,0
DA:117,0
DA:118,0
DA:120,0
DA:125,2
DA:127,4
DA:128,4
DA:129,4
DA:130,4
DA:131,4
DA:132,4
DA:133,4
DA:134,2
LF:53
LH:47
end_of_record
SF:lib/features/health/data/health_repository.dart
DA:17,1
DA:20,1
DA:21,2
DA:22,1
DA:23,1
DA:24,1
DA:25,5
DA:28,1
DA:29,3
DA:30,1
DA:34,0
DA:35,0
DA:36,0
DA:37,0
DA:38,0
DA:41,1
DA:43,1
DA:44,1
DA:45,2
DA:47,1
DA:53,3
DA:54,2
DA:55,2
DA:60,1
DA:63,2
DA:64,1
DA:65,1
DA:66,1
DA:67,1
DA:68,6
DA:72,0
DA:73,0
DA:74,0
DA:75,0
DA:76,0
DA:77,0
DA:81,1
DA:84,3
DA:85,1
DA:87,2
DA:88,1
DA:89,2
DA:90,1
DA:91,2
DA:92,1
DA:93,1
DA:94,4
DA:97,1
DA:99,4
DA:101,1
DA:107,3
DA:108,3
DA:109,1
DA:114,1
DA:116,1
DA:117,1
DA:118,2
DA:119,2
DA:121,1
DA:127,3
DA:128,3
DA:129,1
DA:134,1
DA:136,1
DA:137,1
DA:138,1
DA:139,1
DA:141,1
DA:147,3
DA:148,2
DA:149,1
DA:154,1
DA:155,2
DA:156,1
DA:157,1
DA:158,1
DA:159,1
DA:160,6
DA:163,1
DA:165,4
DA:167,1
DA:173,3
DA:174,3
DA:175,1
DA:180,1
DA:182,1
DA:183,1
DA:184,1
DA:185,1
DA:187,1
DA:193,3
DA:194,2
DA:195,1
DA:200,1
DA:201,2
DA:202,1
DA:203,1
DA:204,1
DA:205,1
DA:206,6
DA:209,1
DA:211,4
DA:213,1
DA:219,3
DA:220,2
DA:221,2
DA:225,1
DA:227,1
DA:228,1
DA:229,2
DA:230,2
DA:232,1
DA:238,3
DA:239,2
DA:240,2
DA:244,1
DA:246,1
DA:247,1
DA:248,1
DA:249,1
DA:251,1
DA:257,3
DA:258,3
LF:123
LH:112
end_of_record
SF:lib/features/settings/presentation/page/settings_page.dart
DA:18,1
DA:20,1
DA:22,1
DA:23,0
DA:24,0
DA:25,0
DA:26,0
DA:27,0
DA:28,0
DA:30,1
DA:31,1
DA:33,1
DA:35,2
DA:37,2
DA:39,1
DA:46,1
DA:47,1
DA:49,2
DA:51,1
DA:53,3
DA:59,2
DA:61,2
DA:65,1
DA:67,2
DA:70,1
DA:72,2
DA:74,1
DA:76,3
DA:78,2
DA:80,4
DA:81,1
DA:82,3
DA:83,3
DA:89,2
DA:91,1
DA:96,3
DA:99,1
DA:104,2
DA:107,1
DA:115,1
DA:116,1
DA:117,2
DA:119,1
DA:121,2
DA:123,2
DA:124,1
DA:126,1
DA:128,1
DA:129,1
DA:130,3
DA:131,2
DA:133,1
DA:134,3
DA:135,1
DA:137,2
DA:144,2
LF:56
LH:50
end_of_record
SF:lib/core/widgets/label_widget.dart
DA:12,1
DA:19,1
DA:21,1
DA:22,1
DA:28,1
DA:29,1
DA:30,3
LF:7
LH:7
end_of_record
SF:lib/core/widgets/rounded_border_widget.dart
DA:15,6
DA:26,6
DA:28,6
DA:29,12
DA:32,6
DA:33,6
DA:34,12
DA:35,6
DA:40,24
DA:42,6
DA:43,12
DA:44,12
DA:49,6
DA:50,6
DA:53,6
DA:55,4
DA:56,4
LF:17
LH:17
end_of_record
SF:lib/core/widgets/text_field_widget.dart
DA:19,4
DA:33,4
DA:34,4
DA:40,4
DA:42,4
DA:43,12
DA:46,4
DA:48,4
DA:49,4
DA:53,4
DA:55,4
DA:56,9
DA:57,6
DA:60,4
DA:61,8
DA:62,8
DA:63,8
DA:64,4
DA:65,8
DA:66,8
DA:67,8
DA:68,12
DA:69,4
DA:70,8
DA:71,8
DA:72,4
DA:73,4
DA:74,4
DA:75,4
DA:84,4
DA:85,4
DA:89,4
DA:90,4
DA:91,8
DA:93,4
DA:94,4
DA:95,8
DA:97,8
DA:98,1
DA:99,1
DA:100,1
DA:103,0
LF:42
LH:41
end_of_record
SF:lib/features/settings/presentation/widgets/settings_footer_widget.dart
DA:8,1
DA:10,1
DA:11,1
DA:17,1
DA:19,1
DA:20,1
DA:23,1
DA:24,1
DA:25,1
DA:26,4
DA:29,1
DA:31,1
DA:32,1
DA:33,2
DA:34,1
DA:36,2
DA:39,1
DA:40,3
DA:41,2
LF:19
LH:19
end_of_record
SF:lib/features/settings/presentation/widgets/settings_notification_section_widget.dart
DA:13,1
DA:14,1
DA:16,1
DA:18,1
DA:20,1
DA:21,1
DA:23,2
DA:25,1
DA:28,1
DA:29,2
DA:30,0
DA:31,0
DA:37,1
DA:39,1
DA:40,2
DA:41,2
DA:42,2
DA:43,2
DA:50,1
DA:52,1
DA:53,2
DA:54,2
DA:55,0
DA:56,0
DA:63,1
DA:65,1
DA:66,2
DA:67,2
DA:68,0
DA:69,0
DA:76,1
DA:78,1
DA:79,2
DA:80,2
DA:81,0
DA:82,0
LF:36
LH:28
end_of_record
SF:lib/features/settings/presentation/widgets/settings_edit_name_bottom_sheet_widget.dart
DA:11,1
DA:16,1
DA:20,1
DA:21,1
DA:23,1
DA:25,1
DA:30,1
DA:32,1
DA:41,1
DA:43,1
DA:44,4
DA:45,5
DA:48,1
DA:50,2
DA:51,1
DA:54,0
DA:55,0
DA:57,0
DA:58,0
DA:60,0
DA:63,0
DA:66,1
DA:68,1
DA:70,1
DA:73,1
DA:74,1
DA:75,1
DA:77,1
DA:78,1
DA:79,1
DA:83,0
DA:84,0
LF:32
LH:24
end_of_record
SF:lib/features/settings/presentation/widgets/settings_tile_widget.dart
DA:14,1
DA:23,1
DA:25,1
DA:31,1
DA:32,1
DA:33,1
DA:34,1
DA:35,0
DA:36,0
DA:37,0
DA:41,1
DA:42,1
DA:44,1
DA:45,3
DA:46,2
DA:48,1
DA:49,1
DA:50,2
DA:56,2
DA:58,1
LF:20
LH:17
end_of_record
SF:lib/features/home/presentation/page/home_page.dart
DA:17,1
DA:19,2
DA:21,2
DA:23,2
DA:25,2
DA:26,2
DA:27,4
DA:30,4
DA:34,2
DA:35,2
DA:36,2
DA:38,2
DA:45,2
DA:46,2
DA:47,2
DA:49,0
DA:54,1
DA:55,1
DA:57,1
DA:58,3
DA:59,2
DA:60,2
DA:63,0
DA:70,2
DA:71,2
DA:72,2
DA:73,0
DA:74,0
DA:75,0
DA:78,2
DA:81,2
DA:82,2
DA:83,2
DA:84,0
DA:85,0
DA:86,0
DA:89,2
DA:92,2
LF:38
LH:30
end_of_record
SF:lib/features/home/presentation/widgets/home_memory_polaroid_widget.dart
DA:18,1
DA:27,1
DA:29,1
DA:30,1
DA:32,1
DA:37,1
DA:38,1
DA:39,1
DA:41,1
DA:42,1
DA:43,1
DA:44,1
DA:52,1
DA:53,1
DA:55,1
DA:57,1
DA:58,1
DA:67,1
DA:69,1
DA:70,1
DA:71,1
DA:72,1
DA:73,2
DA:74,1
DA:78,1
DA:80,1
DA:81,1
DA:82,1
DA:83,2
DA:84,1
DA:90,2
DA:91,1
DA:92,4
DA:93,2
DA:105,1
DA:106,2
DA:107,1
DA:118,0
DA:119,0
DA:120,0
DA:121,0
DA:122,0
DA:125,0
DA:128,0
DA:129,0
DA:132,0
DA:135,0
DA:136,0
DA:137,0
DA:139,0
DA:140,0
DA:143,0
DA:150,0
DA:151,0
DA:154,0
DA:165,1
DA:167,1
DA:168,1
DA:171,1
DA:172,1
DA:174,1
DA:177,1
DA:184,1
DA:186,1
DA:187,1
DA:188,1
DA:189,1
DA:190,1
DA:191,1
DA:196,1
DA:198,2
DA:207,1
DA:208,1
DA:210,2
DA:212,0
DA:213,1
LF:76
LH:57
end_of_record
SF:lib/features/home/presentation/widgets/home_article_card_widget.dart
DA:30,1
DA:32,1
DA:33,1
DA:36,2
DA:38,2
DA:41,2
DA:42,2
DA:44,4
DA:46,2
DA:49,2
DA:50,2
DA:52,2
DA:53,4
DA:55,2
DA:57,2
DA:62,2
DA:63,2
DA:64,2
DA:66,2
DA:84,1
DA:86,1
DA:88,1
DA:90,1
DA:97,1
DA:99,1
DA:100,1
DA:101,3
DA:110,2
DA:112,1
DA:113,1
DA:114,1
DA:116,1
DA:117,4
DA:118,2
DA:119,3
LF:35
LH:35
end_of_record
SF:lib/features/home/presentation/widgets/home_header_widget.dart
DA:13,2
DA:20,2
DA:22,2
DA:23,2
DA:24,2
DA:25,2
DA:26,2
DA:27,6
DA:28,4
DA:35,2
DA:36,4
DA:37,2
DA:42,2
DA:43,2
DA:46,2
DA:47,2
LF:16
LH:16
end_of_record
SF:lib/features/home/presentation/widgets/home_health_card_widget.dart
DA:15,2
DA:22,2
DA:24,4
DA:26,2
DA:29,2
DA:30,2
DA:32,4
DA:34,2
DA:36,2
DA:38,2
DA:40,2
DA:41,2
DA:48,2
DA:49,4
DA:54,5
DA:55,1
DA:56,1
DA:57,1
DA:58,2
DA:59,5
DA:60,1
DA:62,4
DA:77,1
DA:79,1
DA:81,1
DA:83,1
DA:84,1
DA:85,1
DA:86,1
DA:87,1
DA:88,2
DA:90,0
DA:95,1
DA:96,1
DA:97,1
DA:99,1
DA:100,1
DA:101,2
DA:102,1
DA:107,1
DA:108,1
DA:109,2
DA:116,1
DA:117,3
LF:44
LH:43
end_of_record
SF:lib/features/home/presentation/widgets/home_pet_list_widget.dart
DA:13,2
DA:20,2
DA:22,2
DA:25,2
DA:26,2
DA:27,6
DA:28,4
DA:30,2
DA:32,2
DA:33,2
DA:34,10
DA:35,2
DA:36,2
DA:37,2
DA:39,2
DA:40,2
DA:41,10
DA:42,12
DA:44,0
DA:45,0
DA:46,0
DA:53,2
DA:54,2
DA:55,6
DA:56,2
LF:25
LH:22
end_of_record
SF:lib/features/pet/presentation/cubit/pet_details_state.dart
DA:20,5
DA:36,2
DA:37,4
DA:38,6
DA:44,2
DA:45,2
DA:46,4
DA:47,0
DA:48,0
DA:49,0
DA:51,4
DA:52,4
DA:53,4
DA:58,4
DA:73,4
DA:74,4
DA:75,4
DA:76,4
DA:77,4
DA:79,4
DA:80,4
DA:81,8
DA:82,8
DA:83,4
DA:84,4
DA:85,4
DA:86,4
DA:87,4
DA:88,4
DA:90,8
DA:94,4
DA:95,4
DA:96,4
DA:97,4
DA:98,4
DA:99,4
DA:100,4
DA:101,4
DA:102,4
DA:103,4
DA:104,4
DA:105,4
DA:106,4
DA:107,4
DA:108,4
LF:45
LH:42
end_of_record
SF:lib/features/pet/presentation/cubit/pet_details_cubit.dart
DA:29,4
DA:36,4
DA:37,20
DA:38,4
DA:41,4
DA:42,8
DA:43,16
DA:45,12
DA:47,12
DA:53,4
DA:54,4
DA:58,1
DA:59,3
DA:60,3
DA:61,1
DA:64,1
DA:69,2
DA:72,1
DA:73,1
DA:78,2
DA:80,1
DA:81,4
DA:85,1
DA:103,2
DA:106,3
DA:107,1
DA:114,3
DA:116,2
DA:119,2
DA:120,1
DA:121,1
DA:123,0
DA:129,2
DA:130,2
DA:131,1
DA:132,1
DA:144,2
DA:145,2
DA:146,1
DA:147,1
DA:157,0
DA:158,0
DA:162,1
DA:169,2
DA:172,2
DA:173,1
DA:174,1
DA:176,0
DA:177,0
DA:178,1
DA:179,1
DA:180,1
DA:182,2
DA:184,0
DA:185,0
DA:189,1
DA:197,2
DA:200,1
DA:202,1
DA:203,1
DA:212,2
DA:214,0
DA:215,0
DA:219,0
DA:221,0
DA:223,0
DA:224,0
DA:228,2
DA:234,4
DA:237,2
DA:238,2
DA:245,4
DA:247,0
DA:248,0
DA:253,1
DA:254,2
DA:255,1
DA:256,0
DA:257,0
DA:260,0
DA:261,0
DA:264,1
DA:265,2
DA:266,3
DA:269,4
DA:270,5
DA:271,5
DA:272,5
DA:273,5
DA:278,12
DA:280,4
DA:281,16
DA:282,8
DA:283,4
DA:284,8
DA:285,4
DA:286,16
DA:287,4
DA:288,4
DA:291,4
DA:292,12
DA:294,5
DA:296,6
DA:297,6
DA:298,6
DA:300,6
DA:304,3
DA:305,9
DA:308,4
DA:309,12
DA:311,10
DA:315,4
DA:316,12
DA:319,4
DA:321,8
DA:322,4
DA:323,12
DA:324,20
DA:325,4
DA:326,16
DA:332,4
DA:334,12
DA:335,8
DA:344,12
DA:345,4
DA:346,20
DA:347,12
DA:348,12
DA:351,0
DA:352,0
DA:357,4
DA:359,12
DA:360,8
DA:368,4
DA:369,8
DA:370,4
DA:371,3
DA:373,16
DA:374,12
DA:378,4
DA:380,8
DA:381,8
DA:382,7
DA:383,8
DA:384,8
DA:385,4
LF:146
LH:125
end_of_record
SF:lib/features/pet/presentation/widgets/pet_health_diary/vaccine_status_badge_widget.dart
DA:13,2
DA:15,2
DA:17,4
DA:24,2
DA:28,2
DA:29,4
DA:30,1
DA:33,1
DA:39,2
DA:46,2
DA:48,4
LF:11
LH:11
end_of_record
SF:lib/features/subscription/data/subscription_repository.dart
DA:16,1
DA:19,1
DA:20,2
DA:21,1
DA:22,1
DA:23,1
DA:24,5
DA:29,1
DA:30,3
DA:31,1
DA:36,1
DA:39,1
DA:40,1
DA:41,1
DA:42,1
DA:43,1
DA:45,1
DA:47,1
DA:57,3
DA:58,3
DA:61,0
DA:65,1
LF:22
LH:21
end_of_record
SF:lib/features/subscription/presentation/cubit/subscription_cubit.dart
DA:23,1
DA:30,1
DA:31,1
DA:34,1
DA:35,3
DA:36,1
DA:38,5
DA:39,1
DA:40,1
DA:41,1
DA:42,1
DA:47,1
DA:48,1
DA:49,5
DA:52,1
DA:53,2
DA:54,1
DA:55,1
DA:56,1
DA:59,1
DA:61,1
DA:63,2
DA:66,3
DA:67,1
DA:68,1
DA:71,1
DA:72,1
DA:75,1
DA:77,2
DA:83,2
DA:84,2
DA:86,2
DA:87,1
DA:89,2
DA:92,3
DA:96,1
DA:98,2
DA:100,2
DA:106,1
DA:108,2
DA:109,2
DA:110,1
LF:42
LH:42
end_of_record
SF:lib/features/subscription/presentation/cubit/subscription_state.dart
DA:10,4
DA:16,4
DA:17,4
DA:18,8
DA:19,4
DA:21,3
DA:23,0
DA:26,5
DA:29,5
DA:31,9
DA:33,6
DA:36,5
DA:38,2
DA:39,8
LF:14
LH:13
end_of_record
SF:lib/features/pet/presentation/cubit/pet_creation_state.dart
DA:10,2
DA:16,2
DA:23,2
DA:24,0
DA:25,2
DA:26,2
DA:30,2
DA:31,8
LF:8
LH:7
end_of_record
SF:lib/features/pet/presentation/cubit/pet_creation_cubit.dart
DA:22,2
DA:29,4
DA:30,2
DA:31,10
DA:35,2
DA:42,2
DA:43,4
DA:47,4
DA:51,4
DA:53,8
DA:54,1
DA:59,2
DA:60,2
DA:61,4
DA:63,2
DA:64,4
DA:67,4
DA:68,2
DA:71,2
DA:72,4
DA:75,6
DA:80,4
DA:81,6
DA:85,2
DA:86,6
DA:88,2
DA:91,0
DA:98,2
DA:99,4
DA:100,2
DA:103,2
DA:105,4
DA:106,2
LF:33
LH:32
end_of_record
SF:lib/features/onboarding/presentation/cubit/onboarding_state.dart
DA:22,4
DA:37,4
DA:54,4
DA:55,4
DA:56,4
DA:57,4
DA:58,4
DA:59,4
DA:60,4
DA:61,4
DA:62,4
DA:64,4
DA:65,4
DA:66,4
DA:67,4
DA:72,4
DA:73,16
DA:74,4
DA:75,8
DA:78,4
DA:79,12
DA:82,9
DA:84,3
DA:85,3
DA:86,3
DA:87,3
DA:88,3
DA:89,3
DA:90,3
DA:91,3
DA:92,3
DA:93,3
DA:94,3
DA:95,3
DA:96,3
DA:97,3
LF:36
LH:36
end_of_record
SF:lib/features/onboarding/presentation/cubit/onboarding_cubit.dart
DA:14,3
DA:17,3
DA:19,3
DA:20,9
DA:23,3
DA:24,9
DA:25,9
DA:32,3
DA:35,3
DA:36,9
DA:39,3
DA:40,9
DA:43,3
DA:44,9
DA:47,3
DA:48,15
DA:49,9
DA:50,15
DA:51,9
DA:55,2
DA:56,6
DA:57,12
DA:61,1
DA:62,1
DA:66,2
DA:67,6
DA:68,6
DA:71,6
DA:76,4
DA:77,6
DA:82,3
DA:89,3
DA:90,9
DA:95,6
DA:96,9
DA:101,0
DA:108,0
DA:109,0
LF:38
LH:35
end_of_record
SF:lib/features/pet/presentation/page/create_pet_page.dart
DA:17,1
DA:19,2
DA:20,2
DA:26,2
DA:28,2
DA:29,8
DA:30,6
DA:33,2
DA:35,4
DA:36,2
DA:39,2
DA:40,8
DA:42,1
DA:43,2
DA:44,0
DA:45,0
DA:46,0
DA:48,0
DA:51,2
DA:56,2
DA:57,4
DA:58,4
DA:62,2
DA:63,2
DA:64,1
DA:65,1
DA:66,1
DA:67,1
DA:69,1
DA:70,0
DA:71,0
DA:73,1
DA:77,2
DA:78,2
DA:79,2
DA:80,1
DA:81,2
DA:82,2
DA:83,2
DA:84,2
DA:90,2
DA:92,2
DA:93,2
DA:94,6
DA:95,2
DA:96,4
DA:97,4
DA:98,4
DA:104,2
DA:105,2
DA:107,0
DA:109,0
DA:111,2
DA:113,2
DA:114,2
DA:115,2
DA:116,2
DA:117,2
DA:118,2
DA:119,2
DA:123,2
DA:124,2
DA:125,2
DA:132,2
DA:133,2
DA:134,2
DA:145,2
DA:147,2
DA:148,4
DA:149,2
DA:151,2
DA:152,4
DA:154,2
LF:73
LH:65
end_of_record
SF:lib/features/pet/presentation/widgets/pet_creation/pet_creation_step_three_widget.dart
DA:10,1
DA:12,2
DA:13,2
DA:25,2
DA:27,2
DA:28,6
DA:29,2
DA:30,2
DA:34,2
DA:35,2
DA:36,2
DA:46,2
DA:47,2
DA:59,2
DA:61,2
DA:62,8
DA:64,4
DA:65,4
DA:66,7
DA:67,4
DA:70,2
DA:71,2
DA:72,2
DA:74,2
DA:75,2
DA:76,6
DA:78,2
DA:79,2
DA:81,2
DA:82,2
DA:85,6
DA:89,1
DA:90,1
DA:95,2
DA:96,2
DA:99,6
DA:101,2
DA:104,6
DA:106,2
LF:39
LH:39
end_of_record
SF:lib/core/widgets/nanimo_text_field_widget.dart
DA:14,1
DA:24,1
DA:26,2
DA:27,1
DA:29,1
DA:30,1
DA:31,1
DA:32,2
DA:37,1
DA:38,1
DA:39,1
DA:40,1
DA:41,1
DA:43,2
DA:46,1
DA:47,1
DA:48,2
LF:17
LH:17
end_of_record
SF:lib/core/widgets/step_indicator_widget.dart
DA:9,2
DA:15,2
DA:17,2
DA:18,6
DA:19,6
DA:20,2
DA:21,2
DA:23,2
DA:24,6
DA:27,2
DA:29,2
LF:11
LH:11
end_of_record
SF:lib/features/pet/presentation/widgets/pet_creation/pet_creation_step_one_widget.dart
DA:9,1
DA:11,1
DA:13,1
DA:19,1
DA:21,1
DA:22,4
DA:23,2
DA:24,1
DA:27,1
DA:28,2
DA:29,3
DA:30,3
DA:31,1
DA:35,1
DA:37,2
DA:38,1
DA:41,1
DA:43,2
DA:44,1
DA:46,1
DA:48,1
DA:49,1
DA:51,1
DA:54,1
DA:55,1
DA:59,1
DA:60,2
DA:63,1
LF:28
LH:28
end_of_record
SF:lib/features/pet/presentation/widgets/pet_creation/pet_creation_step_two_widget.dart
DA:8,1
DA:10,2
DA:12,2
DA:14,2
DA:16,2
DA:17,2
DA:19,6
DA:22,2
DA:24,2
DA:26,2
LF:10
LH:10
end_of_record
SF:lib/features/pet/presentation/widgets/pet_creation/grid_tile_widget.dart
DA:12,2
DA:20,2
DA:22,4
DA:23,2
DA:24,2
DA:26,2
DA:27,2
DA:30,2
DA:32,2
DA:33,4
DA:34,6
DA:37,2
DA:38,2
DA:42,2
LF:14
LH:14
end_of_record
SF:lib/features/pet/presentation/widgets/pet_creation/pet_attribute_selector/pet_birthdate_selector_widget.dart
DA:10,2
DA:12,2
DA:13,6
DA:14,6
DA:15,4
DA:18,2
DA:20,2
DA:21,8
DA:24,2
DA:27,2
DA:28,2
DA:29,2
DA:30,8
DA:34,2
DA:35,2
DA:36,6
DA:37,2
DA:38,2
DA:39,2
DA:40,1
DA:41,1
DA:42,1
DA:44,1
DA:46,1
DA:47,1
DA:50,1
DA:54,3
DA:56,0
DA:62,1
DA:63,2
DA:66,2
DA:67,2
DA:72,2
DA:74,2
DA:75,2
DA:82,2
DA:83,2
DA:84,2
DA:90,2
DA:92,4
DA:94,8
LF:41
LH:40
end_of_record
SF:lib/features/pet/presentation/widgets/pet_creation/pet_attribute_selector/pet_gender_selector_widget.dart
DA:10,2
DA:18,2
DA:20,2
DA:21,8
DA:23,2
DA:26,2
DA:27,2
DA:28,2
DA:29,8
DA:33,2
DA:34,8
DA:35,2
DA:36,2
DA:45,2
DA:46,2
DA:47,2
DA:48,4
DA:49,2
DA:52,1
DA:53,2
DA:54,2
LF:21
LH:21
end_of_record
SF:lib/features/pet/presentation/widgets/pet_creation/pet_attribute_selector/pet_race_selector_widget.dart
DA:11,2
DA:13,2
DA:15,4
DA:17,2
DA:18,8
DA:20,2
DA:23,2
DA:24,2
DA:25,2
DA:26,8
DA:30,2
DA:31,2
DA:32,6
DA:33,6
DA:34,6
DA:35,2
DA:36,2
DA:37,2
DA:38,2
DA:43,2
DA:44,0
DA:45,0
DA:46,0
DA:47,0
DA:50,0
DA:53,0
DA:54,0
DA:58,2
DA:59,4
DA:60,0
DA:64,0
DA:66,0
DA:72,2
DA:75,2
DA:76,2
DA:78,4
DA:84,2
DA:85,2
DA:86,2
DA:90,2
DA:91,2
DA:97,2
DA:98,2
DA:105,2
DA:106,2
DA:107,4
DA:108,2
DA:109,4
DA:112,2
DA:113,1
DA:115,2
LF:51
LH:41
end_of_record
SF:lib/features/pet/presentation/widgets/pet_creation/pet_attribute_selector/pet_species_selector_widget.dart
DA:12,1
DA:14,1
DA:16,1
DA:19,1
DA:20,1
DA:22,4
DA:26,1
DA:27,1
DA:28,3
DA:29,3
DA:30,3
DA:31,1
DA:32,1
DA:33,1
DA:34,1
DA:39,1
DA:40,0
DA:41,0
DA:42,0
DA:43,0
DA:46,0
DA:49,0
DA:50,0
DA:54,1
DA:55,2
DA:56,0
DA:60,0
DA:62,0
DA:68,1
DA:77,2
DA:78,1
DA:79,2
DA:81,3
DA:82,1
DA:83,1
DA:85,1
DA:86,1
DA:87,2
DA:88,1
DA:89,1
LF:40
LH:30
end_of_record
SF:lib/features/pet/presentation/page/pet_page.dart
DA:23,1
DA:25,1
DA:27,1
DA:28,0
DA:29,0
DA:30,0
DA:31,0
DA:32,0
DA:33,0
DA:34,0
DA:36,1
DA:37,2
DA:44,1
DA:46,0
DA:48,0
DA:49,0
DA:54,1
DA:56,1
DA:58,1
DA:59,1
DA:60,1
DA:61,1
DA:62,1
DA:63,0
DA:65,1
DA:67,1
DA:75,1
DA:77,1
DA:79,1
DA:81,1
DA:82,1
DA:83,1
DA:84,1
DA:85,1
DA:88,1
DA:89,2
DA:90,1
DA:96,1
DA:98,1
DA:99,1
DA:102,3
DA:104,1
DA:106,1
DA:108,1
DA:110,2
DA:112,1
DA:114,1
DA:116,4
DA:121,1
DA:124,1
DA:125,1
DA:126,1
DA:128,1
DA:129,1
DA:130,1
DA:131,1
DA:132,0
DA:143,0
DA:144,0
DA:154,0
DA:160,1
DA:162,1
DA:163,1
DA:164,0
DA:165,0
DA:173,1
DA:174,1
DA:175,0
DA:176,0
DA:180,1
DA:184,2
DA:185,1
DA:186,1
DA:192,0
DA:193,0
DA:194,0
DA:196,0
DA:197,0
DA:200,0
DA:203,1
DA:206,0
LF:81
LH:55
end_of_record
SF:lib/core/utils/gender_formatter.dart
DA:4,2
DA:6,2
DA:8,0
DA:10,0
LF:4
LH:2
end_of_record
SF:lib/core/widgets/date_field_widget.dart
DA:19,6
DA:32,1
DA:33,1
DA:34,4
DA:35,1
DA:37,1
DA:38,1
DA:39,1
DA:42,1
DA:44,1
DA:45,1
DA:48,1
DA:54,0
DA:60,1
DA:61,2
DA:64,6
DA:66,10
DA:67,6
DA:68,19
DA:69,6
DA:70,6
DA:71,6
DA:73,8
DA:77,6
DA:78,2
DA:79,0
DA:80,2
DA:81,2
DA:85,4
DA:86,2
DA:87,4
DA:88,4
DA:89,4
DA:90,4
DA:93,4
DA:94,4
LF:36
LH:34
end_of_record
SF:lib/features/pet/presentation/widgets/pet_profile/pet_card_widget/pet_card_item_widget.dart
DA:15,1
DA:26,1
DA:28,1
DA:30,1
DA:31,1
DA:32,0
DA:34,0
DA:35,0
DA:38,0
DA:39,0
DA:40,0
DA:45,0
DA:46,0
DA:47,0
DA:48,0
DA:49,0
DA:55,1
DA:56,1
DA:57,3
DA:59,1
DA:60,1
DA:61,1
DA:62,1
DA:63,1
DA:65,1
DA:66,1
DA:67,1
DA:69,2
LF:28
LH:17
end_of_record
SF:lib/features/pet/presentation/widgets/pet_profile/pet_card_widget/pet_card_widget.dart
DA:17,1
DA:27,1
DA:29,1
DA:30,1
DA:31,1
DA:32,1
DA:34,1
DA:35,1
DA:36,1
DA:37,1
DA:38,1
DA:41,1
DA:42,2
DA:44,1
DA:51,1
DA:52,1
DA:53,1
DA:54,4
DA:55,1
DA:56,0
DA:58,3
DA:63,1
DA:64,4
DA:65,1
DA:66,1
DA:68,1
DA:69,1
DA:71,1
DA:72,1
DA:73,1
DA:74,3
DA:75,3
DA:76,3
DA:77,3
DA:80,4
DA:81,1
DA:82,1
DA:83,4
DA:84,4
DA:85,4
DA:86,4
LF:41
LH:40
end_of_record
SF:lib/features/pet/presentation/widgets/pet_health_diary/pet_diary_bottom_sheet/create_health_diary_bottom_sheet_widget.dart
DA:47,2
DA:55,2
DA:57,2
DA:75,2
DA:77,2
DA:78,6
DA:81,2
DA:83,4
DA:84,4
DA:85,2
DA:89,0
DA:90,0
DA:91,0
DA:92,0
DA:93,0
DA:99,0
DA:108,0
DA:109,0
DA:113,1
DA:114,1
DA:115,1
DA:116,2
DA:117,3
DA:119,1
DA:120,3
DA:121,3
DA:122,3
DA:123,1
DA:126,1
DA:128,3
DA:129,3
DA:130,1
DA:131,1
DA:132,1
DA:133,1
DA:134,0
DA:136,1
DA:138,2
DA:140,3
DA:143,2
DA:145,2
DA:148,2
DA:151,2
DA:153,2
DA:155,2
DA:156,4
DA:157,2
DA:158,2
DA:159,3
DA:164,2
DA:166,2
DA:167,0
DA:171,2
DA:173,2
DA:174,0
DA:175,2
DA:177,2
DA:178,0
DA:183,2
DA:185,2
DA:186,0
DA:187,2
DA:188,2
DA:191,0
DA:196,2
DA:198,2
DA:199,4
DA:200,2
DA:202,10
DA:207,2
DA:209,2
DA:210,0
DA:211,2
DA:213,2
DA:214,10
DA:215,2
DA:216,2
DA:218,2
DA:220,2
DA:221,2
DA:232,1
DA:233,3
DA:234,1
DA:236,1
DA:238,1
DA:239,1
DA:240,1
DA:241,1
DA:244,1
DA:247,3
DA:248,1
DA:249,4
DA:251,0
DA:257,4
DA:260,1
DA:262,1
DA:264,3
DA:265,0
DA:266,0
DA:275,0
DA:276,0
DA:277,0
DA:279,0
DA:280,0
DA:281,0
DA:282,0
DA:283,0
DA:284,0
DA:287,0
DA:289,0
LF:110
LH:81
end_of_record
SF:lib/features/pet/presentation/widgets/pet_profile/pet_card/pet_health_info_card_widget.dart
DA:13,1
DA:15,1
DA:17,1
DA:18,2
DA:19,0
DA:20,0
DA:21,0
DA:24,1
DA:27,0
DA:28,0
DA:29,0
DA:32,0
DA:33,0
DA:39,0
DA:44,0
DA:50,1
DA:53,1
DA:56,1
DA:57,1
DA:59,2
DA:61,2
DA:63,1
DA:65,2
DA:67,2
DA:68,5
DA:70,1
DA:72,2
DA:74,0
DA:77,1
DA:79,2
DA:81,0
LF:31
LH:19
end_of_record
SF:lib/features/pet/presentation/widgets/pet_profile/pet_card/pet_health_onboarding_card_widget.dart
DA:10,1
DA:12,1
DA:14,1
DA:18,1
DA:19,1
DA:25,1
DA:30,1
LF:7
LH:7
end_of_record
SF:lib/features/pet/presentation/widgets/pet_profile/pet_park_header_widget.dart
DA:12,1
DA:20,1
DA:22,1
DA:24,1
DA:31,1
DA:33,1
DA:35,1
DA:37,1
DA:39,1
DA:40,2
DA:49,1
DA:50,3
DA:51,3
DA:53,1
DA:55,1
DA:56,0
DA:57,1
DA:62,1
DA:68,0
DA:69,0
DA:72,1
LF:21
LH:18
end_of_record
SF:lib/features/pet/presentation/widgets/pet_profile/pet_card/pet_weight_card_widget.dart
DA:16,1
DA:22,1
DA:24,1
DA:26,1
DA:29,1
DA:30,1
DA:32,1
DA:33,1
DA:35,2
DA:36,1
DA:41,1
DA:42,1
DA:44,2
LF:13
LH:13
end_of_record
SF:lib/features/pet/presentation/widgets/pet_health_diary/pet_diary_bottom_sheet/add_vet_visit_bottom_sheet_widget.dart
DA:19,1
DA:21,1
DA:23,1
DA:33,1
DA:34,5
DA:36,1
DA:38,2
DA:39,2
DA:40,2
DA:41,1
DA:44,1
DA:45,1
DA:46,3
DA:47,3
DA:48,3
DA:49,3
DA:50,1
DA:51,1
DA:52,1
DA:54,3
DA:57,1
DA:59,1
DA:61,1
DA:64,2
DA:65,1
DA:67,1
DA:68,2
DA:70,1
DA:72,1
DA:73,4
DA:76,2
DA:79,2
DA:85,1
DA:90,1
DA:94,3
DA:95,1
DA:99,1
DA:100,1
LF:38
LH:38
end_of_record
SF:lib/features/pet/presentation/widgets/pet_health_diary/pet_diary_bottom_sheet/create_health_diary_section/birth_weight_section_widget.dart
DA:14,2
DA:22,2
DA:24,2
DA:26,2
DA:27,4
DA:29,2
DA:30,2
DA:31,2
DA:32,2
DA:33,2
DA:39,2
DA:40,4
DA:42,3
DA:46,2
DA:47,6
DA:48,2
LF:16
LH:16
end_of_record
SF:lib/features/pet/presentation/widgets/pet_health_diary/pet_diary_bottom_sheet/create_health_diary_section/health_diary_section_widget.dart
DA:12,2
DA:20,2
DA:22,2
DA:24,2
DA:25,2
DA:27,2
DA:28,8
DA:29,2
DA:30,2
DA:31,2
DA:36,4
DA:38,1
LF:12
LH:12
end_of_record
SF:lib/features/pet/presentation/widgets/pet_health_diary/weight_chart_widget.dart
DA:13,2
DA:15,2
DA:17,4
DA:20,2
DA:21,6
DA:22,1
DA:23,1
DA:25,1
DA:28,1
DA:32,2
DA:37,1
DA:38,4
DA:39,5
DA:42,1
DA:43,1
DA:47,1
DA:48,1
DA:50,1
DA:51,0
DA:52,0
DA:53,0
DA:54,0
DA:55,0
DA:57,0
DA:58,0
DA:59,0
DA:60,0
DA:61,0
DA:62,0
DA:63,0
DA:64,0
DA:71,0
DA:74,1
DA:75,1
DA:82,1
DA:84,1
LF:36
LH:22
end_of_record
SF:lib/features/pet/presentation/widgets/pet_profile/pet_bottom_sheet/add_weight_bottom_sheet_widget.dart
DA:24,2
DA:32,2
DA:33,2
DA:40,10
DA:42,10
DA:44,2
DA:46,4
DA:47,2
DA:50,1
DA:51,3
DA:52,1
DA:56,1
DA:57,4
DA:60,1
DA:61,3
DA:63,5
DA:64,3
DA:67,2
DA:69,2
DA:71,2
DA:73,3
DA:74,2
DA:77,2
DA:78,3
DA:79,1
DA:80,2
DA:81,2
DA:82,1
DA:83,4
DA:87,2
DA:88,2
DA:91,2
DA:92,4
DA:94,2
DA:95,0
DA:96,0
DA:98,2
DA:103,2
DA:104,2
DA:109,2
DA:110,2
DA:112,2
DA:113,0
LF:43
LH:40
end_of_record
SF:lib/features/pet/presentation/page/pet_health_diary_page.dart
DA:13,1
DA:15,1
DA:17,1
DA:18,0
DA:19,0
DA:20,0
DA:21,0
DA:22,0
DA:23,0
DA:24,0
DA:26,1
DA:27,1
DA:28,1
DA:30,1
DA:32,2
DA:34,1
DA:41,1
DA:43,1
DA:44,1
DA:45,3
DA:46,1
DA:47,1
DA:48,1
DA:54,1
DA:55,1
DA:61,1
DA:62,1
DA:68,1
DA:69,1
LF:29
LH:22
end_of_record
SF:lib/features/pet/presentation/widgets/pet_health_diary/pet_diary_card/pet_summary_diary_card_widget.dart
DA:18,1
DA:27,1
DA:29,1
DA:31,1
DA:32,1
DA:33,1
DA:34,1
DA:36,1
DA:38,2
DA:39,1
DA:40,3
DA:41,1
DA:43,3
DA:45,1
DA:47,2
DA:49,4
DA:51,1
DA:53,5
DA:54,2
DA:57,1
DA:59,2
DA:61,2
LF:22
LH:22
end_of_record
SF:lib/features/pet/presentation/widgets/pet_health_diary/pet_diary_card/pet_vaccine_diary_card_widget.dart
DA:17,1
DA:19,1
DA:21,1
DA:23,1
DA:24,1
DA:25,1
DA:26,1
DA:27,1
DA:28,1
DA:29,3
DA:31,0
DA:32,3
DA:34,2
DA:35,0
DA:36,0
DA:38,0
DA:40,0
DA:45,0
DA:46,0
DA:48,0
DA:52,0
DA:53,0
DA:54,0
DA:55,0
DA:66,1
DA:72,1
DA:73,1
DA:75,1
DA:76,0
DA:81,0
LF:30
LH:16
end_of_record
SF:lib/features/pet/presentation/widgets/pet_health_diary/pet_diary_card/pet_vet_visit_diary_card_widget.dart
DA:16,1
DA:18,1
DA:20,1
DA:22,1
DA:23,1
DA:24,1
DA:25,1
DA:26,1
DA:27,1
DA:28,1
DA:29,3
DA:30,3
DA:31,2
DA:32,3
DA:33,2
DA:34,1
DA:40,1
DA:46,1
DA:47,1
DA:49,1
DA:50,1
DA:56,2
LF:22
LH:22
end_of_record
SF:lib/features/pet/presentation/widgets/pet_health_diary/pet_diary_card/pet_weight_graph_diary_card_widget.dart
DA:17,1
DA:19,1
DA:21,1
DA:23,1
DA:24,2
DA:26,1
DA:27,1
DA:28,1
DA:30,2
DA:32,4
DA:34,1
DA:36,2
DA:38,4
DA:43,1
DA:48,0
DA:49,0
DA:51,0
DA:52,0
LF:18
LH:14
end_of_record
SF:lib/features/pet/presentation/widgets/pet_health_diary/pet_diary_bottom_sheet/add_vaccine_bottom_sheet_widget.dart
DA:20,1
DA:26,1
DA:27,1
DA:35,1
DA:37,1
DA:38,2
DA:39,2
DA:40,1
DA:41,1
DA:44,1
DA:45,4
DA:46,0
DA:47,0
DA:49,1
DA:51,2
DA:52,1
DA:55,0
DA:56,0
DA:57,0
DA:58,0
DA:59,0
DA:60,0
DA:62,0
DA:65,1
DA:67,1
DA:69,2
DA:70,1
DA:73,1
DA:74,1
DA:76,1
DA:77,1
DA:78,1
DA:80,0
DA:81,1
DA:85,1
DA:86,1
DA:92,1
DA:94,1
DA:95,4
DA:96,0
DA:99,1
DA:101,1
DA:102,4
DA:103,0
LF:44
LH:32
end_of_record
SF:lib/features/pet/presentation/widgets/pet_health_diary/pet_diary_card_widget/pet_diary_card_widget.dart
DA:11,1
DA:17,1
DA:19,1
DA:21,1
DA:22,1
DA:23,1
DA:24,1
DA:25,1
DA:28,1
DA:30,2
LF:10
LH:10
end_of_record
SF:lib/features/pet/presentation/widgets/pet_health_diary/pet_diary_card_widget/pet_diary_table_widget.dart
DA:13,1
DA:26,1
DA:32,1
DA:34,2
DA:35,0
DA:36,0
DA:37,0
DA:41,1
DA:43,1
DA:44,5
DA:45,1
DA:46,1
DA:50,3
DA:56,1
DA:57,1
DA:59,1
DA:61,1
DA:62,3
DA:63,1
DA:65,1
DA:66,1
DA:67,1
DA:68,1
DA:74,1
DA:77,1
DA:78,1
DA:80,1
DA:81,2
DA:82,1
DA:83,1
DA:84,1
DA:86,2
DA:91,1
DA:93,1
DA:94,1
DA:95,1
LF:36
LH:33
end_of_record
SF:lib/features/event/presentation/cubit/edit_event_state.dart
DA:16,2
DA:28,8
DA:30,2
DA:41,2
DA:42,2
DA:43,2
DA:44,2
DA:45,2
DA:46,2
DA:47,2
DA:48,2
DA:49,2
DA:50,2
DA:54,2
DA:55,2
DA:56,2
DA:57,2
DA:58,2
DA:59,2
DA:60,2
DA:61,2
DA:62,2
DA:63,2
DA:64,2
LF:24
LH:24
end_of_record
SF:lib/features/event/presentation/cubit/edit_event_cubit.dart
DA:23,2
DA:30,2
DA:32,2
DA:33,4
DA:34,2
DA:36,3
DA:43,4
DA:44,6
DA:45,4
DA:46,2
DA:48,6
DA:56,4
DA:57,4
DA:58,2
DA:60,6
DA:62,2
DA:63,2
DA:64,8
DA:68,1
DA:69,3
DA:76,2
DA:77,6
DA:80,1
DA:81,3
DA:85,2
DA:92,4
DA:95,4
DA:97,0
DA:104,4
DA:105,2
DA:106,3
DA:113,6
DA:115,2
DA:118,6
DA:119,2
DA:120,2
DA:121,2
DA:123,2
DA:127,6
DA:129,4
DA:130,8
DA:133,2
DA:134,0
DA:135,0
DA:136,0
DA:138,0
DA:139,0
DA:141,0
DA:145,2
DA:146,6
DA:147,1
DA:148,1
DA:149,4
DA:151,0
DA:152,0
DA:163,1
DA:164,2
DA:165,2
DA:168,2
DA:169,2
DA:171,2
LF:61
LH:52
end_of_record
SF:lib/features/event/presentation/cubit/event_creation_cubit.dart
DA:23,2
DA:30,2
DA:32,2
DA:33,4
DA:34,2
DA:35,8
DA:37,6
DA:38,6
DA:40,2
DA:44,4
DA:45,4
DA:46,2
DA:48,2
DA:50,2
DA:51,6
DA:52,2
DA:55,6
DA:57,2
DA:58,2
DA:59,8
DA:63,1
DA:64,3
DA:71,2
DA:72,6
DA:75,2
DA:76,6
DA:84,2
DA:90,4
DA:92,3
DA:99,4
DA:100,2
DA:101,3
DA:108,6
DA:110,4
DA:111,2
DA:114,4
DA:115,6
DA:117,8
DA:118,6
DA:119,2
DA:122,4
DA:123,2
DA:125,2
DA:126,2
DA:130,2
DA:136,4
DA:137,6
DA:139,6
DA:146,2
DA:147,4
DA:148,2
DA:149,6
DA:150,1
DA:151,1
DA:152,4
DA:154,0
DA:155,0
LF:57
LH:55
end_of_record
SF:lib/features/event/presentation/cubit/event_creation_state.dart
DA:14,2
DA:24,2
DA:33,2
DA:34,2
DA:35,2
DA:36,2
DA:37,2
DA:38,2
DA:39,2
DA:40,2
DA:44,2
DA:46,16
LF:12
LH:12
end_of_record
SF:lib/features/event/presentation/event_type_styles.dart
DA:14,1
DA:52,8
LF:2
LH:2
end_of_record
SF:lib/core/widgets/app_scaffold.dart
DA:15,3
DA:28,2
DA:30,2
DA:31,2
DA:32,0
DA:34,2
DA:35,2
DA:38,2
DA:39,2
DA:40,2
DA:41,2
DA:42,2
DA:43,2
DA:44,2
LF:14
LH:13
end_of_record
SF:lib/core/widgets/time_field_widget.dart
DA:17,2
DA:28,0
DA:29,0
DA:32,0
DA:34,0
DA:35,0
DA:38,0
DA:42,0
DA:48,0
DA:49,0
DA:52,2
DA:54,2
DA:55,2
DA:56,6
DA:57,2
DA:58,2
DA:59,2
DA:61,4
DA:65,2
DA:66,2
DA:67,0
DA:68,2
DA:69,2
DA:73,0
DA:74,0
DA:75,0
DA:76,0
DA:77,0
DA:78,0
DA:81,0
DA:82,0
LF:31
LH:13
end_of_record
SF:lib/features/event/presentation/page/edit_event_page.dart
DA:27,0
DA:29,1
DA:30,1
DA:43,1
DA:45,1
DA:46,3
DA:49,3
DA:52,1
DA:53,3
DA:54,1
DA:58,0
DA:59,0
DA:62,0
DA:63,0
DA:66,0
DA:69,1
DA:70,2
DA:71,2
DA:72,1
DA:73,1
DA:74,1
DA:75,2
DA:76,2
DA:77,2
DA:78,2
DA:79,2
DA:84,1
DA:85,2
DA:86,2
DA:87,2
DA:88,2
DA:89,2
DA:90,1
DA:91,1
DA:96,1
DA:98,3
DA:99,2
DA:100,2
DA:101,1
DA:105,1
DA:106,1
DA:107,2
DA:108,2
DA:109,1
DA:110,1
DA:111,1
DA:112,1
DA:115,3
DA:116,3
DA:117,3
DA:118,3
DA:121,0
DA:122,0
DA:123,0
DA:124,0
DA:125,0
DA:126,0
DA:128,0
DA:129,0
DA:131,0
DA:132,0
DA:133,0
DA:134,0
DA:140,0
DA:141,0
DA:145,1
DA:146,2
DA:147,0
DA:151,1
DA:152,1
DA:153,2
DA:154,3
DA:155,5
DA:157,1
DA:160,1
DA:161,0
DA:162,2
DA:163,1
DA:167,1
DA:171,4
DA:173,2
DA:174,1
DA:177,1
DA:178,0
DA:179,1
DA:180,0
DA:181,1
DA:182,3
DA:186,0
DA:191,0
DA:192,0
DA:194,0
DA:195,0
DA:196,0
DA:200,1
DA:201,2
DA:202,1
DA:205,1
DA:206,1
DA:207,2
DA:208,0
DA:212,3
DA:213,1
DA:214,1
DA:219,1
DA:221,1
DA:222,4
DA:223,1
DA:224,2
DA:225,1
DA:226,2
DA:227,0
DA:228,0
DA:229,0
DA:232,1
DA:233,1
DA:239,1
DA:240,3
DA:243,2
DA:244,2
DA:245,4
DA:246,0
DA:248,2
DA:249,7
DA:251,5
DA:253,1
DA:255,2
DA:256,2
DA:258,0
DA:261,1
DA:262,1
DA:269,1
DA:270,1
DA:271,1
DA:273,1
DA:274,0
DA:285,1
DA:286,1
DA:288,1
DA:289,1
DA:292,1
DA:296,1
DA:297,1
DA:299,1
DA:300,1
DA:303,1
DA:311,1
DA:312,1
DA:313,1
DA:316,1
DA:317,1
DA:319,1
DA:322,2
DA:329,1
DA:331,1
DA:333,1
DA:334,1
DA:336,1
DA:337,1
DA:338,3
DA:339,1
DA:340,3
DA:344,0
DA:345,0
DA:346,0
DA:348,0
DA:349,0
DA:350,0
DA:352,0
DA:353,0
DA:354,0
DA:361,1
DA:362,1
DA:363,1
DA:364,1
DA:365,1
DA:366,1
DA:371,1
DA:372,2
DA:373,1
DA:375,1
DA:376,1
DA:378,1
DA:379,2
DA:380,2
DA:389,1
DA:390,1
DA:391,2
DA:392,0
DA:393,4
DA:398,1
DA:399,1
DA:400,1
DA:402,1
DA:405,2
DA:412,1
DA:417,1
DA:418,2
DA:419,3
DA:420,2
DA:421,1
DA:422,1
DA:423,1
DA:424,1
DA:426,2
LF:205
LH:158
end_of_record
SF:lib/features/event/presentation/widgets/create_event/create_event_bottom_sheet/add_image_bottom_sheet_widget.dart
DA:10,1
DA:12,2
DA:13,2
DA:19,0
DA:20,0
DA:21,0
DA:22,0
DA:23,0
DA:26,1
DA:27,1
DA:28,1
DA:29,1
DA:30,2
DA:33,2
DA:35,2
DA:37,2
DA:38,2
DA:41,0
DA:43,2
DA:46,0
DA:48,2
DA:51,2
DA:63,2
DA:69,2
DA:71,2
DA:73,2
DA:74,2
DA:75,2
DA:76,2
DA:79,2
DA:80,2
DA:81,2
DA:83,2
DA:84,2
DA:85,2
DA:88,2
DA:90,2
DA:92,4
DA:95,2
DA:96,6
LF:40
LH:33
end_of_record
SF:lib/features/event/presentation/widgets/create_event/create_event_bottom_sheet/edit_event_image_bottom_sheet_widget.dart
DA:13,2
DA:19,1
DA:23,1
DA:37,1
DA:44,1
DA:50,1
DA:52,1
DA:60,1
DA:62,1
DA:65,1
DA:66,1
DA:70,4
DA:76,1
DA:77,3
DA:78,1
DA:80,1
DA:81,2
DA:82,2
DA:83,1
DA:84,3
DA:85,1
DA:96,1
DA:98,1
DA:99,1
DA:105,1
DA:107,1
DA:109,1
DA:110,1
DA:113,0
DA:117,1
DA:120,0
DA:124,1
DA:129,3
DA:143,1
DA:150,1
DA:152,1
DA:153,1
DA:154,1
DA:155,1
DA:156,1
DA:157,2
DA:162,1
DA:164,1
DA:165,0
DA:168,3
DA:169,2
DA:170,1
DA:171,2
DA:172,1
DA:174,2
DA:175,0
DA:177,1
DA:178,1
DA:181,2
DA:182,0
DA:191,1
DA:192,1
DA:195,1
DA:201,1
DA:203,1
DA:205,1
DA:206,0
DA:209,1
DA:210,1
DA:212,1
DA:213,1
DA:215,1
DA:217,1
DA:223,1
DA:225,2
DA:243,1
DA:251,1
DA:253,1
DA:255,1
DA:256,1
DA:257,1
DA:258,1
DA:261,1
DA:262,1
DA:263,1
DA:265,1
DA:266,1
DA:267,1
DA:270,1
DA:271,1
DA:272,1
DA:274,3
DA:277,1
DA:278,1
DA:279,1
DA:280,3
LF:91
LH:85
end_of_record
SF:lib/features/event/presentation/widgets/create_event/create_event_bottom_sheet/event_type_bottom_sheet_widget.dart
DA:14,3
DA:21,3
DA:26,3
DA:28,3
DA:32,3
DA:34,3
DA:37,3
DA:38,6
DA:39,1
DA:41,1
DA:43,2
DA:47,6
DA:52,3
DA:53,6
DA:54,9
DA:56,3
DA:58,3
DA:59,3
DA:60,12
DA:61,3
DA:64,3
DA:65,3
DA:66,3
DA:67,3
DA:71,3
DA:72,3
DA:73,3
DA:77,3
DA:78,3
DA:79,3
DA:81,3
DA:82,3
DA:84,0
DA:85,0
DA:89,3
DA:90,9
LF:36
LH:34
end_of_record
SF:lib/features/event/presentation/widgets/create_event/create_event_bottom_sheet/pet_select_bottom_sheet_widget.dart
DA:16,2
DA:23,2
DA:29,2
DA:31,2
DA:39,2
DA:41,2
DA:46,8
DA:48,2
DA:50,4
DA:52,2
DA:55,2
DA:57,2
DA:58,2
DA:59,2
DA:62,2
DA:63,2
DA:67,2
DA:72,10
DA:77,2
DA:78,6
DA:79,1
DA:81,1
DA:84,2
DA:88,4
DA:89,2
DA:91,2
DA:92,2
DA:93,2
DA:94,4
DA:95,6
DA:96,6
DA:98,6
DA:102,2
DA:105,2
DA:106,2
DA:107,2
DA:108,6
DA:114,2
DA:115,2
DA:116,2
DA:118,2
DA:119,6
DA:130,2
DA:131,8
DA:135,2
LF:45
LH:45
end_of_record
SF:lib/features/event/presentation/widgets/create_event/polaroid_collage_widget.dart
DA:12,3
DA:17,2
DA:23,1
DA:35,3
DA:58,3
DA:60,3
DA:61,3
DA:63,3
DA:64,3
DA:66,12
DA:71,3
DA:73,9
DA:74,3
DA:77,6
DA:79,6
DA:80,3
DA:82,6
DA:83,9
DA:84,6
DA:85,15
DA:86,6
DA:88,3
DA:91,9
DA:92,9
DA:93,3
DA:95,3
DA:96,3
DA:97,3
DA:99,3
DA:100,6
DA:101,3
DA:102,3
DA:103,3
DA:104,3
DA:105,3
DA:107,3
DA:120,3
DA:122,9
DA:123,3
DA:124,3
DA:126,3
DA:128,12
DA:134,6
DA:135,2
DA:136,2
DA:138,2
DA:139,6
DA:140,2
DA:141,2
DA:142,2
DA:143,2
DA:144,2
DA:146,2
DA:147,4
DA:157,3
DA:159,7
DA:160,4
DA:165,6
DA:166,4
DA:167,2
DA:168,4
DA:169,2
DA:171,4
DA:172,0
DA:174,2
DA:175,2
DA:180,4
DA:181,0
DA:182,0
DA:189,2
DA:190,2
DA:195,2
DA:199,3
DA:200,3
DA:201,3
DA:203,6
DA:208,3
DA:213,3
DA:215,3
DA:217,3
DA:220,3
DA:231,3
DA:234,3
DA:235,6
DA:244,3
DA:245,3
DA:262,3
DA:267,3
DA:269,3
DA:270,6
DA:271,6
DA:272,3
DA:274,3
DA:275,3
DA:276,3
DA:277,3
DA:278,6
DA:282,6
DA:284,6
DA:285,6
DA:286,3
DA:287,9
DA:290,6
DA:295,2
DA:297,6
DA:298,6
DA:299,6
DA:300,6
DA:301,6
LF:109
LH:106
end_of_record
SF:lib/features/event/presentation/widgets/create_event/sticker_selector_widget.dart
DA:12,3
DA:24,3
DA:26,3
DA:28,3
DA:29,3
DA:31,3
DA:32,3
DA:33,3
DA:34,3
DA:37,3
DA:38,3
DA:46,3
DA:47,12
DA:49,6
DA:50,3
DA:51,3
DA:52,3
DA:54,3
DA:55,3
DA:56,3
DA:58,3
DA:59,3
DA:60,3
DA:65,3
DA:70,3
DA:76,4
DA:78,1
DA:81,1
DA:84,1
DA:85,3
DA:86,1
DA:87,1
DA:88,1
DA:89,1
DA:90,1
DA:92,1
DA:93,1
DA:94,1
DA:96,1
DA:97,1
DA:98,1
DA:103,1
DA:108,1
LF:43
LH:43
end_of_record
SF:lib/features/event/presentation/page/create_event_page.dart
DA:24,1
DA:31,1
DA:32,1
DA:43,1
DA:45,1
DA:46,4
DA:47,3
DA:50,3
DA:53,1
DA:54,3
DA:55,1
DA:59,0
DA:60,0
DA:63,0
DA:64,0
DA:67,0
DA:70,1
DA:71,2
DA:72,2
DA:73,1
DA:74,1
DA:75,1
DA:76,2
DA:77,2
DA:78,2
DA:79,2
DA:80,2
DA:85,1
DA:86,2
DA:87,2
DA:88,2
DA:89,2
DA:90,2
DA:91,1
DA:92,1
DA:97,1
DA:99,3
DA:100,2
DA:101,2
DA:102,1
DA:105,1
DA:107,1
DA:108,4
DA:109,1
DA:110,2
DA:111,1
DA:112,2
DA:113,0
DA:114,0
DA:115,0
DA:118,1
DA:119,2
DA:125,2
DA:126,2
DA:127,4
DA:128,0
DA:130,2
DA:131,7
DA:133,5
DA:135,1
DA:137,2
DA:138,2
DA:140,0
DA:143,1
DA:144,1
DA:151,1
DA:152,1
DA:153,1
DA:155,1
DA:156,0
DA:167,1
DA:168,1
DA:170,1
DA:171,1
DA:174,1
DA:178,1
DA:179,1
DA:181,1
DA:182,1
DA:185,1
DA:193,1
DA:194,1
DA:195,1
DA:198,1
DA:199,1
DA:201,1
DA:204,2
DA:211,1
DA:213,1
DA:215,1
DA:216,1
DA:218,1
DA:219,1
DA:220,3
DA:221,1
DA:222,3
DA:226,1
DA:227,2
DA:228,1
DA:230,1
DA:231,1
DA:232,1
DA:234,1
DA:235,2
DA:236,2
DA:243,1
DA:244,1
DA:245,1
DA:246,1
DA:247,1
DA:248,1
DA:253,1
DA:254,2
DA:255,1
DA:257,1
DA:258,1
DA:260,1
DA:261,2
DA:262,2
DA:271,1
DA:272,3
DA:273,1
DA:274,1
DA:275,1
DA:276,2
DA:277,1
DA:278,1
DA:279,3
DA:280,1
DA:282,0
DA:283,0
DA:284,0
DA:285,0
DA:290,5
DA:292,0
DA:293,0
DA:294,0
DA:296,0
DA:297,0
DA:298,0
DA:300,0
DA:302,0
DA:303,0
DA:304,0
DA:305,0
DA:306,0
DA:313,1
DA:314,1
DA:315,1
DA:317,1
DA:320,2
DA:327,1
DA:332,1
DA:333,2
DA:334,3
DA:335,2
DA:336,1
DA:337,1
LF:158
LH:131
end_of_record
SF:lib/config/router/app_router.dart
DA:39,1
DA:40,5
DA:43,0
DA:45,0
DA:46,0
DA:50,1
DA:60,1
DA:61,3
DA:63,1
DA:65,2
DA:66,1
DA:70,1
DA:71,1
DA:73,2
DA:74,1
DA:77,1
DA:78,1
DA:80,1
DA:82,1
DA:84,1
DA:86,1
DA:88,1
DA:90,1
DA:92,1
DA:94,1
DA:96,1
DA:98,1
DA:99,2
DA:100,1
DA:101,1
DA:102,2
DA:110,1
DA:112,2
DA:118,1
DA:119,0
DA:126,1
DA:128,1
DA:129,1
DA:131,1
DA:132,1
DA:133,1
DA:135,0
DA:136,0
DA:140,0
DA:144,1
DA:146,0
DA:147,0
DA:151,0
DA:155,1
DA:157,0
DA:159,1
DA:161,0
DA:162,1
DA:163,1
DA:165,0
DA:169,1
DA:171,0
DA:172,0
DA:175,0
DA:184,0
LF:60
LH:43
end_of_record
SF:lib/config/router/route_guard.dart
DA:5,1
DA:10,1
DA:11,1
DA:12,1
DA:13,2
DA:16,1
DA:17,1
DA:21,1
DA:30,1
LF:9
LH:9
end_of_record
SF:lib/core/widgets/app_shell.dart
DA:18,1
DA:20,1
DA:21,1
DA:27,1
DA:29,1
DA:30,2
DA:33,1
DA:35,2
DA:36,1
DA:39,0
DA:42,0
DA:43,0
DA:53,1
DA:54,2
DA:57,1
DA:58,3
DA:59,5
DA:61,2
DA:67,0
DA:68,0
DA:71,0
DA:72,0
DA:73,0
DA:76,0
DA:77,0
DA:78,0
DA:79,0
DA:82,0
DA:83,0
DA:84,0
DA:85,0
DA:86,0
DA:89,0
DA:90,0
DA:91,0
DA:92,0
DA:93,0
DA:94,0
DA:95,0
DA:100,0
DA:101,0
DA:102,0
DA:105,0
DA:106,0
DA:109,0
DA:110,0
DA:115,0
DA:116,0
DA:117,0
DA:118,0
DA:119,0
DA:120,0
DA:125,0
DA:126,0
DA:129,1
DA:131,1
DA:133,1
DA:134,4
DA:135,1
DA:136,1
DA:140,1
DA:141,2
DA:142,1
DA:143,1
DA:144,1
DA:145,1
DA:146,2
DA:147,1
DA:149,3
DA:155,1
DA:156,1
DA:159,1
DA:160,1
DA:161,3
DA:164,1
DA:165,0
DA:166,0
DA:168,0
DA:171,1
DA:173,1
DA:174,1
DA:175,1
DA:176,1
DA:177,1
DA:182,1
DA:190,1
DA:192,1
DA:193,0
DA:194,0
LF:89
LH:45
end_of_record
SF:lib/features/auth/presentation/page/login_page.dart
DA:14,1
DA:16,1
DA:17,1
DA:26,1
DA:28,1
DA:29,3
DA:30,3
DA:31,3
DA:32,4
DA:36,1
DA:37,1
DA:39,1
DA:40,2
DA:43,2
DA:49,1
DA:50,4
DA:51,4
DA:52,5
DA:55,1
DA:57,3
DA:58,3
DA:59,2
DA:60,2
DA:61,1
DA:64,1
DA:65,3
DA:66,3
DA:67,3
DA:68,3
DA:72,1
DA:73,3
DA:76,1
DA:78,2
DA:79,1
DA:81,1
DA:82,1
DA:84,1
DA:85,1
DA:87,1
DA:89,1
DA:91,2
DA:92,1
DA:94,1
DA:95,1
DA:98,1
DA:99,1
DA:104,1
DA:105,1
DA:108,1
DA:109,1
DA:114,1
DA:115,1
DA:118,1
DA:119,1
DA:120,3
DA:121,1
DA:122,1
DA:125,0
DA:127,0
DA:131,1
DA:132,1
DA:133,3
DA:134,1
DA:135,1
DA:137,1
DA:138,1
DA:139,1
DA:149,1
DA:150,1
DA:153,1
DA:156,1
DA:158,1
DA:159,1
DA:160,1
DA:161,1
DA:173,1
DA:174,1
DA:175,0
DA:176,1
DA:177,1
DA:178,1
DA:179,1
DA:181,1
DA:183,2
LF:84
LH:81
end_of_record
SF:lib/features/auth/presentation/page/signup_page.dart
DA:14,1
DA:16,1
DA:17,1
DA:28,1
DA:30,1
DA:31,3
DA:32,3
DA:33,3
DA:34,3
DA:37,1
DA:38,2
DA:41,3
DA:47,1
DA:48,1
DA:50,1
DA:51,2
DA:54,2
DA:60,1
DA:61,1
DA:64,3
DA:70,1
DA:71,4
DA:72,4
DA:73,4
DA:74,4
DA:75,5
DA:78,1
DA:80,3
DA:81,3
DA:82,3
DA:83,3
DA:84,2
DA:85,2
DA:86,2
DA:87,2
DA:88,1
DA:91,1
DA:92,3
DA:93,3
DA:94,3
DA:95,3
DA:96,3
DA:100,1
DA:101,3
DA:104,1
DA:106,2
DA:107,1
DA:109,1
DA:110,1
DA:112,1
DA:113,1
DA:115,1
DA:117,1
DA:119,2
DA:120,1
DA:122,1
DA:123,1
DA:126,1
DA:127,1
DA:132,1
DA:133,1
DA:136,1
DA:137,1
DA:142,1
DA:143,1
DA:146,1
DA:147,1
DA:152,1
DA:153,1
DA:156,1
DA:157,1
DA:162,1
DA:163,1
DA:166,1
DA:167,1
DA:168,3
DA:169,1
DA:170,1
DA:173,0
DA:175,0
DA:179,1
DA:180,1
DA:181,3
DA:182,1
DA:183,1
DA:185,1
DA:186,1
DA:187,1
DA:197,1
DA:198,1
DA:201,1
DA:204,1
DA:206,1
DA:207,1
DA:208,1
DA:209,1
DA:219,1
DA:220,1
DA:221,0
DA:222,1
DA:223,1
DA:224,1
DA:225,1
DA:227,1
DA:229,2
LF:105
LH:102
end_of_record
SF:lib/features/journal/presentation/page/journal_page.dart
DA:12,1
DA:14,0
DA:16,0
DA:17,0
DA:18,0
DA:19,0
DA:23,0
DA:25,0
DA:27,0
DA:29,0
DA:30,0
DA:31,0
DA:34,0
DA:35,0
DA:36,0
DA:37,0
DA:38,0
LF:17
LH:1
end_of_record
SF:lib/features/onboarding/presentation/page/onboarding_page.dart
DA:9,1
DA:11,1
DA:13,2
DA:14,1
DA:16,1
DA:17,1
DA:22,1
DA:24,1
DA:26,1
DA:29,2
DA:31,1
DA:34,1
DA:35,1
DA:38,1
DA:40,2
DA:43,1
DA:44,0
DA:45,1
DA:47,2
LF:19
LH:18
end_of_record
SF:lib/features/onboarding/presentation/page/splash_page.dart
DA:6,1
DA:8,1
DA:10,1
DA:13,1
DA:14,1
DA:16,1
DA:17,1
DA:21,1
LF:8
LH:8
end_of_record
SF:lib/features/auth/presentation/widgets/sso_buttons_widget.dart
DA:13,1
DA:15,2
DA:17,1
DA:19,1
DA:20,1
DA:21,3
DA:22,1
DA:23,1
DA:24,1
DA:25,1
DA:26,1
DA:27,0
DA:31,0
DA:35,1
DA:37,3
DA:51,1
DA:56,1
DA:58,1
DA:59,1
DA:61,1
DA:62,1
DA:63,1
DA:68,1
DA:69,1
DA:74,1
DA:76,1
DA:77,1
DA:83,1
DA:84,1
DA:85,1
DA:87,2
LF:31
LH:29
end_of_record
